e:\edev\libs_external\fltk_1.3.9\ide\visualc2010\x64\debug\fltkformsd.bsc
e:\edev\libs_external\fltk_1.3.9\ide\visualc2010\x64\debug\fltkformsd.pdb
e:\edev\libs_external\fltk_1.3.9\ide\visualc2010\fltkforms\x64\debug\forms_bitmap.sbr
e:\edev\libs_external\fltk_1.3.9\ide\visualc2010\fltkforms\x64\debug\forms_compatability.sbr
e:\edev\libs_external\fltk_1.3.9\ide\visualc2010\fltkforms\x64\debug\forms_free.sbr
e:\edev\libs_external\fltk_1.3.9\ide\visualc2010\fltkforms\x64\debug\forms_fselect.sbr
e:\edev\libs_external\fltk_1.3.9\ide\visualc2010\fltkforms\x64\debug\forms_pixmap.sbr
e:\edev\libs_external\fltk_1.3.9\ide\visualc2010\fltkforms\x64\debug\forms_timer.sbr
e:\edev\libs_external\fltk_1.3.9\ide\visualc2010\fltkforms\x64\debug\forms_timer.obj
e:\edev\libs_external\fltk_1.3.9\ide\visualc2010\fltkforms\x64\debug\forms_pixmap.obj
e:\edev\libs_external\fltk_1.3.9\ide\visualc2010\fltkforms\x64\debug\forms_fselect.obj
e:\edev\libs_external\fltk_1.3.9\ide\visualc2010\fltkforms\x64\debug\forms_free.obj
e:\edev\libs_external\fltk_1.3.9\ide\visualc2010\fltkforms\x64\debug\forms_compatability.obj
e:\edev\libs_external\fltk_1.3.9\ide\visualc2010\fltkforms\x64\debug\forms_bitmap.obj
e:\edev\libs_external\fltk_1.3.9\lib\fltkformsd.lib
e:\edev\libs_external\fltk_1.3.9\ide\visualc2020\fltkforms\x64\debug\forms_bitmap.obj
e:\edev\libs_external\fltk_1.3.9\ide\visualc2020\fltkforms\x64\debug\forms_compatability.obj
e:\edev\libs_external\fltk_1.3.9\ide\visualc2020\fltkforms\x64\debug\forms_free.obj
e:\edev\libs_external\fltk_1.3.9\ide\visualc2020\fltkforms\x64\debug\forms_fselect.obj
e:\edev\libs_external\fltk_1.3.9\ide\visualc2020\fltkforms\x64\debug\forms_pixmap.obj
e:\edev\libs_external\fltk_1.3.9\ide\visualc2020\fltkforms\x64\debug\forms_timer.obj
e:\edev\libs_external\fltk_1.3.9\ide\visualc2020\fltkforms\x64\debug\forms_bitmap.sbr
e:\edev\libs_external\fltk_1.3.9\ide\visualc2020\fltkforms\x64\debug\forms_compatability.sbr
e:\edev\libs_external\fltk_1.3.9\ide\visualc2020\fltkforms\x64\debug\forms_free.sbr
e:\edev\libs_external\fltk_1.3.9\ide\visualc2020\fltkforms\x64\debug\forms_fselect.sbr
e:\edev\libs_external\fltk_1.3.9\ide\visualc2020\fltkforms\x64\debug\forms_pixmap.sbr
e:\edev\libs_external\fltk_1.3.9\ide\visualc2020\fltkforms\x64\debug\forms_timer.sbr
e:\edev\libs_external\fltk_1.3.9\ide\visualc2020\x64\debug\fltkformsd.pdb
e:\edev\libs_external\fltk_1.3.9\ide\visualc2020\x64\debug\fltkformsd.bsc
e:\edev\libs_external\fltk_1.3.9\ide\visualc2020\fltkforms\x64\debug\fltkforms.tlog\bscmake.command.1.tlog
e:\edev\libs_external\fltk_1.3.9\ide\visualc2020\fltkforms\x64\debug\fltkforms.tlog\bscmake.read.1.tlog
e:\edev\libs_external\fltk_1.3.9\ide\visualc2020\fltkforms\x64\debug\fltkforms.tlog\bscmake.write.1.tlog
e:\edev\libs_external\fltk_1.3.9\ide\visualc2020\fltkforms\x64\debug\fltkforms.tlog\cl.command.1.tlog
e:\edev\libs_external\fltk_1.3.9\ide\visualc2020\fltkforms\x64\debug\fltkforms.tlog\cl.items.tlog
e:\edev\libs_external\fltk_1.3.9\ide\visualc2020\fltkforms\x64\debug\fltkforms.tlog\cl.read.1.tlog
e:\edev\libs_external\fltk_1.3.9\ide\visualc2020\fltkforms\x64\debug\fltkforms.tlog\cl.write.1.tlog
e:\edev\libs_external\fltk_1.3.9\ide\visualc2020\fltkforms\x64\debug\fltkforms.tlog\lib-link.read.1.tlog
e:\edev\libs_external\fltk_1.3.9\ide\visualc2020\fltkforms\x64\debug\fltkforms.tlog\lib-link.write.1.tlog
e:\edev\libs_external\fltk_1.3.9\ide\visualc2020\fltkforms\x64\debug\fltkforms.tlog\lib.command.1.tlog
