e:\edev\libs_external\fltk_1.3.9\ide\visualc2010\x64\debug\fltkimagesd.bsc
e:\edev\libs_external\fltk_1.3.9\ide\visualc2010\x64\debug\fltkimagesd.pdb
e:\edev\libs_external\fltk_1.3.9\ide\visualc2010\fltkimages\x64\debug\fl_bmp_image.sbr
e:\edev\libs_external\fltk_1.3.9\ide\visualc2010\fltkimages\x64\debug\fl_file_icon2.sbr
e:\edev\libs_external\fltk_1.3.9\ide\visualc2010\fltkimages\x64\debug\fl_gif_image.sbr
e:\edev\libs_external\fltk_1.3.9\ide\visualc2010\fltkimages\x64\debug\fl_help_dialog.sbr
e:\edev\libs_external\fltk_1.3.9\ide\visualc2010\fltkimages\x64\debug\fl_images_core.sbr
e:\edev\libs_external\fltk_1.3.9\ide\visualc2010\fltkimages\x64\debug\fl_jpeg_image.sbr
e:\edev\libs_external\fltk_1.3.9\ide\visualc2010\fltkimages\x64\debug\fl_png_image.sbr
e:\edev\libs_external\fltk_1.3.9\ide\visualc2010\fltkimages\x64\debug\fl_pnm_image.sbr
e:\edev\libs_external\fltk_1.3.9\ide\visualc2010\fltkimages\x64\debug\fl_pnm_image.obj
e:\edev\libs_external\fltk_1.3.9\ide\visualc2010\fltkimages\x64\debug\fl_png_image.obj
e:\edev\libs_external\fltk_1.3.9\ide\visualc2010\fltkimages\x64\debug\fl_jpeg_image.obj
e:\edev\libs_external\fltk_1.3.9\ide\visualc2010\fltkimages\x64\debug\fl_images_core.obj
e:\edev\libs_external\fltk_1.3.9\ide\visualc2010\fltkimages\x64\debug\fl_help_dialog.obj
e:\edev\libs_external\fltk_1.3.9\ide\visualc2010\fltkimages\x64\debug\fl_gif_image.obj
e:\edev\libs_external\fltk_1.3.9\ide\visualc2010\fltkimages\x64\debug\fl_file_icon2.obj
e:\edev\libs_external\fltk_1.3.9\ide\visualc2010\fltkimages\x64\debug\fl_bmp_image.obj
e:\edev\libs_external\fltk_1.3.9\lib\fltkimagesd.lib
e:\edev\libs_external\fltk_1.3.9\ide\visualc2020\fltkimages\x64\debug\fl_bmp_image.obj
e:\edev\libs_external\fltk_1.3.9\ide\visualc2020\fltkimages\x64\debug\fl_file_icon2.obj
e:\edev\libs_external\fltk_1.3.9\ide\visualc2020\fltkimages\x64\debug\fl_gif_image.obj
e:\edev\libs_external\fltk_1.3.9\ide\visualc2020\fltkimages\x64\debug\fl_help_dialog.obj
e:\edev\libs_external\fltk_1.3.9\ide\visualc2020\fltkimages\x64\debug\fl_images_core.obj
e:\edev\libs_external\fltk_1.3.9\ide\visualc2020\fltkimages\x64\debug\fl_jpeg_image.obj
e:\edev\libs_external\fltk_1.3.9\ide\visualc2020\fltkimages\x64\debug\fl_png_image.obj
e:\edev\libs_external\fltk_1.3.9\ide\visualc2020\fltkimages\x64\debug\fl_pnm_image.obj
e:\edev\libs_external\fltk_1.3.9\ide\visualc2020\fltkimages\x64\debug\fl_bmp_image.sbr
e:\edev\libs_external\fltk_1.3.9\ide\visualc2020\fltkimages\x64\debug\fl_file_icon2.sbr
e:\edev\libs_external\fltk_1.3.9\ide\visualc2020\fltkimages\x64\debug\fl_gif_image.sbr
e:\edev\libs_external\fltk_1.3.9\ide\visualc2020\fltkimages\x64\debug\fl_help_dialog.sbr
e:\edev\libs_external\fltk_1.3.9\ide\visualc2020\fltkimages\x64\debug\fl_images_core.sbr
e:\edev\libs_external\fltk_1.3.9\ide\visualc2020\fltkimages\x64\debug\fl_jpeg_image.sbr
e:\edev\libs_external\fltk_1.3.9\ide\visualc2020\fltkimages\x64\debug\fl_png_image.sbr
e:\edev\libs_external\fltk_1.3.9\ide\visualc2020\fltkimages\x64\debug\fl_pnm_image.sbr
e:\edev\libs_external\fltk_1.3.9\ide\visualc2020\x64\debug\fltkimagesd.pdb
e:\edev\libs_external\fltk_1.3.9\ide\visualc2020\x64\debug\fltkimagesd.bsc
e:\edev\libs_external\fltk_1.3.9\ide\visualc2020\fltkimages\x64\debug\fltkimages.tlog\bscmake.command.1.tlog
e:\edev\libs_external\fltk_1.3.9\ide\visualc2020\fltkimages\x64\debug\fltkimages.tlog\bscmake.read.1.tlog
e:\edev\libs_external\fltk_1.3.9\ide\visualc2020\fltkimages\x64\debug\fltkimages.tlog\bscmake.write.1.tlog
e:\edev\libs_external\fltk_1.3.9\ide\visualc2020\fltkimages\x64\debug\fltkimages.tlog\cl.command.1.tlog
e:\edev\libs_external\fltk_1.3.9\ide\visualc2020\fltkimages\x64\debug\fltkimages.tlog\cl.items.tlog
e:\edev\libs_external\fltk_1.3.9\ide\visualc2020\fltkimages\x64\debug\fltkimages.tlog\cl.read.1.tlog
e:\edev\libs_external\fltk_1.3.9\ide\visualc2020\fltkimages\x64\debug\fltkimages.tlog\cl.write.1.tlog
e:\edev\libs_external\fltk_1.3.9\ide\visualc2020\fltkimages\x64\debug\fltkimages.tlog\lib-link.read.1.tlog
e:\edev\libs_external\fltk_1.3.9\ide\visualc2020\fltkimages\x64\debug\fltkimages.tlog\lib-link.write.1.tlog
e:\edev\libs_external\fltk_1.3.9\ide\visualc2020\fltkimages\x64\debug\fltkimages.tlog\lib.command.1.tlog
