C:\Program Files\Microsoft Visual Studio\2022\Community\MSBuild\Microsoft\VC\v170\Microsoft.CppBuild.targets(531,5): warning MSB8028: The intermediate directory (Debug Cairo\) contains files shared from another project (cairo_test.vcxproj, device.vcxproj, fltk.vcxproj, fltkgl.vcxproj, fltkjpeg.vcxproj, fltkpng.vcxproj, hello.vcxproj, iconize.vcxproj, image.vcxproj, input.vcxproj, input_choice.vcxproj, line_style.vcxproj, menubar.vcxproj, message.vcxproj, minimum.vcxproj, native-filechooser.vcxproj, navigation.vcxproj, overlay.vcxproj, pack.vcxproj, pixmap.vcxproj, resizebox.vcxproj, rotated_text.vcxproj, scroll.vcxproj, subwindow.vcxproj, symbols.vcxproj, table.vcxproj, threads.vcxproj, tile.vcxproj, tiled_image.vcxproj, unittests.vcxproj, utf8.vcxproj).  This can lead to incorrect clean and rebuild behavior.
  Fl_BMP_Image.cxx
E:\eDev\libs_external\fltk_1.3.9\FL\Fl_Cairo.H(32,11): error C1083: Cannot open include file: 'cairo.h': No such file or directory
  (compiling source file '../../src/Fl_BMP_Image.cxx')
  
  Fl_File_Icon2.cxx
E:\eDev\libs_external\fltk_1.3.9\FL\Fl_Cairo.H(32,11): error C1083: Cannot open include file: 'cairo.h': No such file or directory
  (compiling source file '../../src/Fl_File_Icon2.cxx')
  
  Fl_GIF_Image.cxx
E:\eDev\libs_external\fltk_1.3.9\FL\Fl_Cairo.H(32,11): error C1083: Cannot open include file: 'cairo.h': No such file or directory
  (compiling source file '../../src/Fl_GIF_Image.cxx')
  
  Fl_Help_Dialog.cxx
E:\eDev\libs_external\fltk_1.3.9\FL\Fl_Cairo.H(32,11): error C1083: Cannot open include file: 'cairo.h': No such file or directory
  (compiling source file '../../src/Fl_Help_Dialog.cxx')
  
  fl_images_core.cxx
  Fl_JPEG_Image.cxx
E:\eDev\libs_external\fltk_1.3.9\FL\Fl_Cairo.H(32,11): error C1083: Cannot open include file: 'cairo.h': No such file or directory
  (compiling source file '../../src/Fl_JPEG_Image.cxx')
  
  Fl_PNG_Image.cxx
E:\eDev\libs_external\fltk_1.3.9\FL\Fl_Cairo.H(32,11): error C1083: Cannot open include file: 'cairo.h': No such file or directory
  (compiling source file '../../src/Fl_PNG_Image.cxx')
  
  Fl_PNM_Image.cxx
E:\eDev\libs_external\fltk_1.3.9\FL\Fl_Cairo.H(32,11): error C1083: Cannot open include file: 'cairo.h': No such file or directory
  (compiling source file '../../src/Fl_PNM_Image.cxx')
  
  Generating Code...
