C:\Program Files\Microsoft Visual Studio\2022\Community\MSBuild\Microsoft\VC\v170\Microsoft.CppBuild.targets(531,5): warning MSB8028: The intermediate directory (Debug Cairo\) contains files shared from another project (cairo_test.vcxproj, device.vcxproj, fltk.vcxproj, fltkgl.vcxproj, fltkimages.vcxproj, fltkjpeg.vcxproj, fltkpng.vcxproj, hello.vcxproj, iconize.vcxproj, image.vcxproj, input.vcxproj, input_choice.vcxproj, line_style.vcxproj, menubar.vcxproj, message.vcxproj, minimum.vcxproj, native-filechooser.vcxproj, navigation.vcxproj, overlay.vcxproj, pack.vcxproj, pixmap.vcxproj, resizebox.vcxproj, rotated_text.vcxproj, scroll.vcxproj, subwindow.vcxproj, symbols.vcxproj, table.vcxproj, threads.vcxproj, tile.vcxproj, tiled_image.vcxproj, unittests.vcxproj, utf8.vcxproj).  This can lead to incorrect clean and rebuild behavior.
  forms_bitmap.cxx
E:\eDev\libs_external\fltk_1.3.9\FL\Fl_Cairo.H(32,11): error C1083: Cannot open include file: 'cairo.h': No such file or directory
  (compiling source file '../../src/forms_bitmap.cxx')
  
  forms_compatability.cxx
E:\eDev\libs_external\fltk_1.3.9\FL\Fl_Cairo.H(32,11): error C1083: Cannot open include file: 'cairo.h': No such file or directory
  (compiling source file '../../src/forms_compatability.cxx')
  
  forms_free.cxx
E:\eDev\libs_external\fltk_1.3.9\FL\Fl_Cairo.H(32,11): error C1083: Cannot open include file: 'cairo.h': No such file or directory
  (compiling source file '../../src/forms_free.cxx')
  
  forms_fselect.cxx
E:\eDev\libs_external\fltk_1.3.9\FL\Fl_Cairo.H(32,11): error C1083: Cannot open include file: 'cairo.h': No such file or directory
  (compiling source file '../../src/forms_fselect.cxx')
  
  forms_pixmap.cxx
E:\eDev\libs_external\fltk_1.3.9\FL\Fl_Cairo.H(32,11): error C1083: Cannot open include file: 'cairo.h': No such file or directory
  (compiling source file '../../src/forms_pixmap.cxx')
  
  forms_timer.cxx
E:\eDev\libs_external\fltk_1.3.9\FL\Fl_Cairo.H(32,11): error C1083: Cannot open include file: 'cairo.h': No such file or directory
  (compiling source file '../../src/forms_timer.cxx')
  
  Generating Code...
