C:\Program Files\Microsoft Visual Studio\2022\Community\MSBuild\Microsoft\VC\v170\Microsoft.CppBuild.targets(531,5): warning MSB8028: The intermediate directory (Debug Cairo\) contains files shared from another project (adjuster.vcxproj, arc.vcxproj, ask.vcxproj, bitmap.vcxproj, blocks.vcxproj, boxtype.vcxproj, browser.vcxproj, button.vcxproj, buttons.vcxproj, cairo_test.vcxproj, checkers.vcxproj, clock.vcxproj, colbrowser.vcxproj, color_chooser.vcxproj, cube.vcxproj, CubeView.vcxproj, cursor.vcxproj, curve.vcxproj, demo.vcxproj, device.vcxproj, doublebuffer.vcxproj, editor.vcxproj, fast_slow.vcxproj, file_chooser.vcxproj, fltkdll.vcxproj, fltkforms.vcxproj, fltkgl.vcxproj, fltkimages.vcxproj, fltkjpeg.vcxproj, fltkpng.vcxproj, fluid.vcxproj, fonts.vcxproj, forms.vcxproj, fractals.vcxproj, fullscreen.vcxproj, glpuzzle.vcxproj, gl_overlay.vcxproj, hello.vcxproj, help.vcxproj, iconize.vcxproj, image.vcxproj, inactive.vcxproj, input.vcxproj, input_choice.vcxproj, keyboard.vcxproj, label.vcxproj, line_style.vcxproj, mandelbrot.vcxproj, menubar.vcxproj, message.vcxproj, minimum.vcxproj, native-filechooser.vcxproj, navigation.vcxproj, output.vcxproj, overlay.vcxproj, pack.vcxproj, pixmap.vcxproj, pixmap_browser.vcxproj, preferences.vcxproj, radio.vcxproj, resize.vcxproj, resizebox.vcxproj, rotated_text.vcxproj, scroll.vcxproj, shape.vcxproj, subwindow.vcxproj, sudoku.vcxproj, symbols.vcxproj, table.vcxproj, tabs.vcxproj, threads.vcxproj, tile.vcxproj, tiled_image.vcxproj, tree.vcxproj, unittests.vcxproj, utf8.vcxproj, valuators.vcxproj).  This can lead to incorrect clean and rebuild behavior.
          1 file(s) copied.
  filename_absolute.cxx
  Fl.cxx
E:\eDev\libs_external\fltk_1.3.9\FL\Fl_Cairo.H(32,11): error C1083: Cannot open include file: 'cairo.h': No such file or directory
  (compiling source file '../../src/Fl.cxx')
  
  Fl_abort.cxx
E:\eDev\libs_external\fltk_1.3.9\FL\Fl_Cairo.H(32,11): error C1083: Cannot open include file: 'cairo.h': No such file or directory
  (compiling source file '../../src/Fl_abort.cxx')
  
  Fl_add_idle.cxx
E:\eDev\libs_external\fltk_1.3.9\FL\Fl_Cairo.H(32,11): error C1083: Cannot open include file: 'cairo.h': No such file or directory
  (compiling source file '../../src/Fl_add_idle.cxx')
  
  Fl_Adjuster.cxx
E:\eDev\libs_external\fltk_1.3.9\FL\Fl_Cairo.H(32,11): error C1083: Cannot open include file: 'cairo.h': No such file or directory
  (compiling source file '../../src/Fl_Adjuster.cxx')
  
  fl_arc.cxx
  Fl_arg.cxx
E:\eDev\libs_external\fltk_1.3.9\FL\Fl_Cairo.H(32,11): error C1083: Cannot open include file: 'cairo.h': No such file or directory
  (compiling source file '../../src/Fl_arg.cxx')
  
  fl_ask.cxx
E:\eDev\libs_external\fltk_1.3.9\FL\Fl_Cairo.H(32,11): error C1083: Cannot open include file: 'cairo.h': No such file or directory
  (compiling source file '../../src/fl_ask.cxx')
  
  Fl_Bitmap.cxx
E:\eDev\libs_external\fltk_1.3.9\FL\Fl_Cairo.H(32,11): error C1083: Cannot open include file: 'cairo.h': No such file or directory
  (compiling source file '../../src/Fl_Bitmap.cxx')
  
  Fl_Box.cxx
  fl_boxtype.cxx
E:\eDev\libs_external\fltk_1.3.9\FL\Fl_Cairo.H(32,11): error C1083: Cannot open include file: 'cairo.h': No such file or directory
  (compiling source file '../../src/fl_boxtype.cxx')
  
  Fl_Browser.cxx
E:\eDev\libs_external\fltk_1.3.9\FL\Fl_Cairo.H(32,11): error C1083: Cannot open include file: 'cairo.h': No such file or directory
  (compiling source file '../../src/Fl_Browser.cxx')
  
  Fl_Browser_.cxx
E:\eDev\libs_external\fltk_1.3.9\FL\Fl_Cairo.H(32,11): error C1083: Cannot open include file: 'cairo.h': No such file or directory
  (compiling source file '../../src/Fl_Browser_.cxx')
  
  Fl_Browser_load.cxx
E:\eDev\libs_external\fltk_1.3.9\FL\Fl_Cairo.H(32,11): error C1083: Cannot open include file: 'cairo.h': No such file or directory
  (compiling source file '../../src/Fl_Browser_load.cxx')
  
  Fl_Button.cxx
E:\eDev\libs_external\fltk_1.3.9\FL\Fl_Cairo.H(32,11): error C1083: Cannot open include file: 'cairo.h': No such file or directory
  (compiling source file '../../src/Fl_Button.cxx')
  
  Fl_Cairo.cxx
E:\eDev\libs_external\fltk_1.3.9\FL\Fl_Cairo.H(32,11): error C1083: Cannot open include file: 'cairo.h': No such file or directory
  (compiling source file '../../cairo/Fl_Cairo.cxx')
  
  Fl_Chart.cxx
E:\eDev\libs_external\fltk_1.3.9\FL\Fl_Cairo.H(32,11): error C1083: Cannot open include file: 'cairo.h': No such file or directory
  (compiling source file '../../src/Fl_Chart.cxx')
  
  Fl_Check_Browser.cxx
E:\eDev\libs_external\fltk_1.3.9\FL\Fl_Cairo.H(32,11): error C1083: Cannot open include file: 'cairo.h': No such file or directory
  (compiling source file '../../src/Fl_Check_Browser.cxx')
  
  Fl_Check_Button.cxx
E:\eDev\libs_external\fltk_1.3.9\FL\Fl_Cairo.H(32,11): error C1083: Cannot open include file: 'cairo.h': No such file or directory
  (compiling source file '../../src/Fl_Check_Button.cxx')
  
  Fl_Choice.cxx
E:\eDev\libs_external\fltk_1.3.9\FL\Fl_Cairo.H(32,11): error C1083: Cannot open include file: 'cairo.h': No such file or directory
  (compiling source file '../../src/Fl_Choice.cxx')
  
  Generating Code...
  Compiling...
  Fl_Clock.cxx
E:\eDev\libs_external\fltk_1.3.9\FL\Fl_Cairo.H(32,11): error C1083: Cannot open include file: 'cairo.h': No such file or directory
  (compiling source file '../../src/Fl_Clock.cxx')
  
  fl_color.cxx
E:\eDev\libs_external\fltk_1.3.9\FL\Fl_Cairo.H(32,11): error C1083: Cannot open include file: 'cairo.h': No such file or directory
  (compiling source file '../../src/fl_color.cxx')
  
  Fl_Color_Chooser.cxx
E:\eDev\libs_external\fltk_1.3.9\FL\Fl_Cairo.H(32,11): error C1083: Cannot open include file: 'cairo.h': No such file or directory
  (compiling source file '../../src/Fl_Color_Chooser.cxx')
  
  Fl_compose.cxx
E:\eDev\libs_external\fltk_1.3.9\FL\Fl_Cairo.H(32,11): error C1083: Cannot open include file: 'cairo.h': No such file or directory
  (compiling source file '../../src/Fl_compose.cxx')
  
  Fl_Copy_Surface.cxx
E:\eDev\libs_external\fltk_1.3.9\FL\Fl_Cairo.H(32,11): error C1083: Cannot open include file: 'cairo.h': No such file or directory
  (compiling source file '../../src/Fl_Copy_Surface.cxx')
  
  Fl_Counter.cxx
E:\eDev\libs_external\fltk_1.3.9\FL\Fl_Cairo.H(32,11): error C1083: Cannot open include file: 'cairo.h': No such file or directory
  (compiling source file '../../src/Fl_Counter.cxx')
  
  fl_cursor.cxx
E:\eDev\libs_external\fltk_1.3.9\FL\Fl_Cairo.H(32,11): error C1083: Cannot open include file: 'cairo.h': No such file or directory
  (compiling source file '../../src/fl_cursor.cxx')
  
  fl_curve.cxx
  Fl_Device.cxx
E:\eDev\libs_external\fltk_1.3.9\FL\Fl_Cairo.H(32,11): error C1083: Cannot open include file: 'cairo.h': No such file or directory
  (compiling source file '../../src/Fl_Device.cxx')
  
  Fl_Dial.cxx
E:\eDev\libs_external\fltk_1.3.9\FL\Fl_Cairo.H(32,11): error C1083: Cannot open include file: 'cairo.h': No such file or directory
  (compiling source file '../../src/Fl_Dial.cxx')
  
  fl_diamond_box.cxx
E:\eDev\libs_external\fltk_1.3.9\FL\Fl_Cairo.H(32,11): error C1083: Cannot open include file: 'cairo.h': No such file or directory
  (compiling source file '../../src/fl_diamond_box.cxx')
  
  Fl_display.cxx
E:\eDev\libs_external\fltk_1.3.9\FL\Fl_Cairo.H(32,11): error C1083: Cannot open include file: 'cairo.h': No such file or directory
  (compiling source file '../../src/Fl_display.cxx')
  
  fl_dnd.cxx
E:\eDev\libs_external\fltk_1.3.9\FL\Fl_Cairo.H(32,11): error C1083: Cannot open include file: 'cairo.h': No such file or directory
  (compiling source file '../../src/fl_dnd.cxx')
  
  Fl_Double_Window.cxx
E:\eDev\libs_external\fltk_1.3.9\FL\Fl_Cairo.H(32,11): error C1083: Cannot open include file: 'cairo.h': No such file or directory
  (compiling source file '../../src/Fl_Double_Window.cxx')
  
  fl_draw.cxx
E:\eDev\libs_external\fltk_1.3.9\FL\Fl_Cairo.H(32,11): error C1083: Cannot open include file: 'cairo.h': No such file or directory
  (compiling source file '../../src/fl_draw.cxx')
  
  fl_draw_image.cxx
E:\eDev\libs_external\fltk_1.3.9\FL\Fl_Cairo.H(32,11): error C1083: Cannot open include file: 'cairo.h': No such file or directory
  (compiling source file '../../src/fl_draw_image.cxx')
  
  fl_draw_pixmap.cxx
E:\eDev\libs_external\fltk_1.3.9\FL\Fl_Cairo.H(32,11): error C1083: Cannot open include file: 'cairo.h': No such file or directory
  (compiling source file '../../src/fl_draw_pixmap.cxx')
  
  fl_engraved_label.cxx
E:\eDev\libs_external\fltk_1.3.9\FL\Fl_Cairo.H(32,11): error C1083: Cannot open include file: 'cairo.h': No such file or directory
  (compiling source file '../../src/fl_engraved_label.cxx')
  
  Fl_File_Browser.cxx
E:\eDev\libs_external\fltk_1.3.9\FL\Fl_Cairo.H(32,11): error C1083: Cannot open include file: 'cairo.h': No such file or directory
  (compiling source file '../../src/Fl_File_Browser.cxx')
  
  Fl_File_Chooser.cxx
E:\eDev\libs_external\fltk_1.3.9\FL\Fl_Cairo.H(32,11): error C1083: Cannot open include file: 'cairo.h': No such file or directory
  (compiling source file '../../src/Fl_File_Chooser.cxx')
  
  Generating Code...
  Compiling...
  Fl_File_Chooser2.cxx
E:\eDev\libs_external\fltk_1.3.9\FL\Fl_Cairo.H(32,11): error C1083: Cannot open include file: 'cairo.h': No such file or directory
  (compiling source file '../../src/Fl_File_Chooser2.cxx')
  
  fl_file_dir.cxx
E:\eDev\libs_external\fltk_1.3.9\FL\Fl_Cairo.H(32,11): error C1083: Cannot open include file: 'cairo.h': No such file or directory
  (compiling source file '../../src/fl_file_dir.cxx')
  
  Fl_File_Icon.cxx
E:\eDev\libs_external\fltk_1.3.9\FL\Fl_Cairo.H(32,11): error C1083: Cannot open include file: 'cairo.h': No such file or directory
  (compiling source file '../../src/Fl_File_Icon.cxx')
  
  Fl_File_Input.cxx
E:\eDev\libs_external\fltk_1.3.9\FL\Fl_Cairo.H(32,11): error C1083: Cannot open include file: 'cairo.h': No such file or directory
  (compiling source file '../../src/Fl_File_Input.cxx')
  
  fl_font.cxx
E:\eDev\libs_external\fltk_1.3.9\FL\Fl_Cairo.H(32,11): error C1083: Cannot open include file: 'cairo.h': No such file or directory
  (compiling source file '../../src/fl_font.cxx')
  
  Fl_get_key.cxx
E:\eDev\libs_external\fltk_1.3.9\FL\Fl_Cairo.H(32,11): error C1083: Cannot open include file: 'cairo.h': No such file or directory
  (compiling source file '../../src/Fl_get_key.cxx')
  
  Fl_get_system_colors.cxx
E:\eDev\libs_external\fltk_1.3.9\FL\Fl_Cairo.H(32,11): error C1083: Cannot open include file: 'cairo.h': No such file or directory
  (compiling source file '../../src/Fl_get_system_colors.cxx')
  
  Fl_grab.cxx
E:\eDev\libs_external\fltk_1.3.9\FL\Fl_Cairo.H(32,11): error C1083: Cannot open include file: 'cairo.h': No such file or directory
  (compiling source file '../../src/Fl_grab.cxx')
  
  Fl_Group.cxx
E:\eDev\libs_external\fltk_1.3.9\FL\Fl_Cairo.H(32,11): error C1083: Cannot open include file: 'cairo.h': No such file or directory
  (compiling source file '../../src/Fl_Group.cxx')
  
  fl_gtk.cxx
E:\eDev\libs_external\fltk_1.3.9\FL\Fl_Cairo.H(32,11): error C1083: Cannot open include file: 'cairo.h': No such file or directory
  (compiling source file '../../src/fl_gtk.cxx')
  
  fl_gleam.cxx
E:\eDev\libs_external\fltk_1.3.9\FL\Fl_Cairo.H(32,11): error C1083: Cannot open include file: 'cairo.h': No such file or directory
  (compiling source file '../../src/fl_gleam.cxx')
  
  Fl_Help_View.cxx
E:\eDev\libs_external\fltk_1.3.9\FL\Fl_Cairo.H(32,11): error C1083: Cannot open include file: 'cairo.h': No such file or directory
  (compiling source file '../../src/Fl_Help_View.cxx')
  
  Fl_Image.cxx
E:\eDev\libs_external\fltk_1.3.9\FL\Fl_Cairo.H(32,11): error C1083: Cannot open include file: 'cairo.h': No such file or directory
  (compiling source file '../../src/Fl_Image.cxx')
  
  Fl_Image_Surface.cxx
E:\eDev\libs_external\fltk_1.3.9\FL\Fl_Cairo.H(32,11): error C1083: Cannot open include file: 'cairo.h': No such file or directory
  (compiling source file '../../src/Fl_Image_Surface.cxx')
  
  Fl_Input.cxx
E:\eDev\libs_external\fltk_1.3.9\FL\Fl_Cairo.H(32,11): error C1083: Cannot open include file: 'cairo.h': No such file or directory
  (compiling source file '../../src/Fl_Input.cxx')
  
  Fl_Input_.cxx
E:\eDev\libs_external\fltk_1.3.9\FL\Fl_Cairo.H(32,11): error C1083: Cannot open include file: 'cairo.h': No such file or directory
  (compiling source file '../../src/Fl_Input_.cxx')
  
  fl_labeltype.cxx
E:\eDev\libs_external\fltk_1.3.9\FL\Fl_Cairo.H(32,11): error C1083: Cannot open include file: 'cairo.h': No such file or directory
  (compiling source file '../../src/fl_labeltype.cxx')
  
  Fl_Light_Button.cxx
E:\eDev\libs_external\fltk_1.3.9\FL\Fl_Cairo.H(32,11): error C1083: Cannot open include file: 'cairo.h': No such file or directory
  (compiling source file '../../src/Fl_Light_Button.cxx')
  
  fl_line_style.cxx
E:\eDev\libs_external\fltk_1.3.9\FL\Fl_Cairo.H(32,11): error C1083: Cannot open include file: 'cairo.h': No such file or directory
  (compiling source file '../../src/fl_line_style.cxx')
  
  Fl_lock.cxx
E:\eDev\libs_external\fltk_1.3.9\FL\Fl_Cairo.H(32,11): error C1083: Cannot open include file: 'cairo.h': No such file or directory
  (compiling source file '../../src/Fl_lock.cxx')
  
  Generating Code...
  Compiling...
  Fl_Menu.cxx
E:\eDev\libs_external\fltk_1.3.9\FL\Fl_Cairo.H(32,11): error C1083: Cannot open include file: 'cairo.h': No such file or directory
  (compiling source file '../../src/Fl_Menu.cxx')
  
  Fl_Menu_.cxx
E:\eDev\libs_external\fltk_1.3.9\FL\Fl_Cairo.H(32,11): error C1083: Cannot open include file: 'cairo.h': No such file or directory
  (compiling source file '../../src/Fl_Menu_.cxx')
  
  Fl_Menu_add.cxx
  Fl_Menu_Bar.cxx
E:\eDev\libs_external\fltk_1.3.9\FL\Fl_Cairo.H(32,11): error C1083: Cannot open include file: 'cairo.h': No such file or directory
  (compiling source file '../../src/Fl_Menu_Bar.cxx')
  
  Fl_Menu_Button.cxx
E:\eDev\libs_external\fltk_1.3.9\FL\Fl_Cairo.H(32,11): error C1083: Cannot open include file: 'cairo.h': No such file or directory
  (compiling source file '../../src/Fl_Menu_Button.cxx')
  
  Fl_Menu_global.cxx
E:\eDev\libs_external\fltk_1.3.9\FL\Fl_Cairo.H(32,11): error C1083: Cannot open include file: 'cairo.h': No such file or directory
  (compiling source file '../../src/Fl_Menu_global.cxx')
  
  Fl_Menu_Window.cxx
E:\eDev\libs_external\fltk_1.3.9\FL\Fl_Cairo.H(32,11): error C1083: Cannot open include file: 'cairo.h': No such file or directory
  (compiling source file '../../src/Fl_Menu_Window.cxx')
  
  Fl_Multi_Label.cxx
E:\eDev\libs_external\fltk_1.3.9\FL\Fl_Cairo.H(32,11): error C1083: Cannot open include file: 'cairo.h': No such file or directory
  (compiling source file '../../src/Fl_Multi_Label.cxx')
  
  Fl_Native_File_Chooser.cxx
  fl_oval_box.cxx
E:\eDev\libs_external\fltk_1.3.9\FL\Fl_Cairo.H(32,11): error C1083: Cannot open include file: 'cairo.h': No such file or directory
  (compiling source file '../../src/fl_oval_box.cxx')
  
  fl_overlay.cxx
  fl_overlay_visual.cxx
  Fl_Overlay_Window.cxx
E:\eDev\libs_external\fltk_1.3.9\FL\Fl_Cairo.H(32,11): error C1083: Cannot open include file: 'cairo.h': No such file or directory
  (compiling source file '../../src/Fl_Overlay_Window.cxx')
  
  Fl_own_colormap.cxx
E:\eDev\libs_external\fltk_1.3.9\FL\Fl_Cairo.H(32,11): error C1083: Cannot open include file: 'cairo.h': No such file or directory
  (compiling source file '../../src/Fl_own_colormap.cxx')
  
  Fl_Pack.cxx
E:\eDev\libs_external\fltk_1.3.9\FL\Fl_Cairo.H(32,11): error C1083: Cannot open include file: 'cairo.h': No such file or directory
  (compiling source file '../../src/Fl_Pack.cxx')
  
  Fl_Paged_Device.cxx
E:\eDev\libs_external\fltk_1.3.9\FL\Fl_Cairo.H(32,11): error C1083: Cannot open include file: 'cairo.h': No such file or directory
  (compiling source file '../../src/Fl_Paged_Device.cxx')
  
  Fl_Pixmap.cxx
E:\eDev\libs_external\fltk_1.3.9\FL\Fl_Cairo.H(32,11): error C1083: Cannot open include file: 'cairo.h': No such file or directory
  (compiling source file '../../src/Fl_Pixmap.cxx')
  
  fl_plastic.cxx
E:\eDev\libs_external\fltk_1.3.9\FL\Fl_Cairo.H(32,11): error C1083: Cannot open include file: 'cairo.h': No such file or directory
  (compiling source file '../../src/fl_plastic.cxx')
  
  Fl_Positioner.cxx
E:\eDev\libs_external\fltk_1.3.9\FL\Fl_Cairo.H(32,11): error C1083: Cannot open include file: 'cairo.h': No such file or directory
  (compiling source file '../../src/Fl_Positioner.cxx')
  
  Fl_PostScript.cxx
E:\eDev\libs_external\fltk_1.3.9\FL\Fl_Cairo.H(32,11): error C1083: Cannot open include file: 'cairo.h': No such file or directory
  (compiling source file '../../src/Fl_PostScript.cxx')
  
  Generating Code...
  Compiling...
  Fl_Preferences.cxx
E:\eDev\libs_external\fltk_1.3.9\FL\Fl_Cairo.H(32,11): error C1083: Cannot open include file: 'cairo.h': No such file or directory
  (compiling source file '../../src/Fl_Preferences.cxx')
  
  Fl_Printer.cxx
  Fl_Progress.cxx
E:\eDev\libs_external\fltk_1.3.9\FL\Fl_Cairo.H(32,11): error C1083: Cannot open include file: 'cairo.h': No such file or directory
  (compiling source file '../../src/Fl_Progress.cxx')
  
  fl_read_image.cxx
E:\eDev\libs_external\fltk_1.3.9\FL\Fl_Cairo.H(32,11): error C1083: Cannot open include file: 'cairo.h': No such file or directory
  (compiling source file '../../src/fl_read_image.cxx')
  
  fl_rect.cxx
E:\eDev\libs_external\fltk_1.3.9\FL\Fl_Cairo.H(32,11): error C1083: Cannot open include file: 'cairo.h': No such file or directory
  (compiling source file '../../src/fl_rect.cxx')
  
  Fl_Repeat_Button.cxx
E:\eDev\libs_external\fltk_1.3.9\FL\Fl_Cairo.H(32,11): error C1083: Cannot open include file: 'cairo.h': No such file or directory
  (compiling source file '../../src/Fl_Repeat_Button.cxx')
  
  Fl_Return_Button.cxx
E:\eDev\libs_external\fltk_1.3.9\FL\Fl_Cairo.H(32,11): error C1083: Cannot open include file: 'cairo.h': No such file or directory
  (compiling source file '../../src/Fl_Return_Button.cxx')
  
  Fl_Roller.cxx
E:\eDev\libs_external\fltk_1.3.9\FL\Fl_Cairo.H(32,11): error C1083: Cannot open include file: 'cairo.h': No such file or directory
  (compiling source file '../../src/Fl_Roller.cxx')
  
  fl_round_box.cxx
E:\eDev\libs_external\fltk_1.3.9\FL\Fl_Cairo.H(32,11): error C1083: Cannot open include file: 'cairo.h': No such file or directory
  (compiling source file '../../src/fl_round_box.cxx')
  
  Fl_Round_Button.cxx
E:\eDev\libs_external\fltk_1.3.9\FL\Fl_Cairo.H(32,11): error C1083: Cannot open include file: 'cairo.h': No such file or directory
  (compiling source file '../../src/Fl_Round_Button.cxx')
  
  fl_rounded_box.cxx
E:\eDev\libs_external\fltk_1.3.9\FL\Fl_Cairo.H(32,11): error C1083: Cannot open include file: 'cairo.h': No such file or directory
  (compiling source file '../../src/fl_rounded_box.cxx')
  
  Fl_Scroll.cxx
E:\eDev\libs_external\fltk_1.3.9\FL\Fl_Cairo.H(32,11): error C1083: Cannot open include file: 'cairo.h': No such file or directory
  (compiling source file '../../src/Fl_Scroll.cxx')
  
  fl_scroll_area.cxx
E:\eDev\libs_external\fltk_1.3.9\FL\Fl_Cairo.H(32,11): error C1083: Cannot open include file: 'cairo.h': No such file or directory
  (compiling source file '../../src/fl_scroll_area.cxx')
  
  Fl_Scrollbar.cxx
E:\eDev\libs_external\fltk_1.3.9\FL\Fl_Cairo.H(32,11): error C1083: Cannot open include file: 'cairo.h': No such file or directory
  (compiling source file '../../src/Fl_Scrollbar.cxx')
  
  fl_set_font.cxx
E:\eDev\libs_external\fltk_1.3.9\FL\Fl_Cairo.H(32,11): error C1083: Cannot open include file: 'cairo.h': No such file or directory
  (compiling source file '../../src/fl_set_font.cxx')
  
  fl_set_fonts.cxx
E:\eDev\libs_external\fltk_1.3.9\FL\Fl_Cairo.H(32,11): error C1083: Cannot open include file: 'cairo.h': No such file or directory
  (compiling source file '../../src/fl_set_fonts.cxx')
  
  fl_shadow_box.cxx
E:\eDev\libs_external\fltk_1.3.9\FL\Fl_Cairo.H(32,11): error C1083: Cannot open include file: 'cairo.h': No such file or directory
  (compiling source file '../../src/fl_shadow_box.cxx')
  
  Fl_Shared_Image.cxx
E:\eDev\libs_external\fltk_1.3.9\FL\Fl_Cairo.H(32,11): error C1083: Cannot open include file: 'cairo.h': No such file or directory
  (compiling source file '../../src/Fl_Shared_Image.cxx')
  
  fl_shortcut.cxx
E:\eDev\libs_external\fltk_1.3.9\FL\Fl_Cairo.H(32,11): error C1083: Cannot open include file: 'cairo.h': No such file or directory
  (compiling source file '../../src/fl_shortcut.cxx')
  
  fl_show_colormap.cxx
E:\eDev\libs_external\fltk_1.3.9\FL\Fl_Cairo.H(32,11): error C1083: Cannot open include file: 'cairo.h': No such file or directory
  (compiling source file '../../src/fl_show_colormap.cxx')
  
  Generating Code...
  Compiling...
  Fl_Single_Window.cxx
  Fl_Slider.cxx
E:\eDev\libs_external\fltk_1.3.9\FL\Fl_Cairo.H(32,11): error C1083: Cannot open include file: 'cairo.h': No such file or directory
  (compiling source file '../../src/Fl_Slider.cxx')
  
  fl_symbols.cxx
E:\eDev\libs_external\fltk_1.3.9\FL\Fl_Cairo.H(32,11): error C1083: Cannot open include file: 'cairo.h': No such file or directory
  (compiling source file '../../src/fl_symbols.cxx')
  
  Fl_Table.cxx
E:\eDev\libs_external\fltk_1.3.9\FL\Fl_Cairo.H(32,11): error C1083: Cannot open include file: 'cairo.h': No such file or directory
  (compiling source file '../../src/Fl_Table.cxx')
  
  Fl_Table_Row.cxx
E:\eDev\libs_external\fltk_1.3.9\FL\Fl_Cairo.H(32,11): error C1083: Cannot open include file: 'cairo.h': No such file or directory
  (compiling source file '../../src/Fl_Table_Row.cxx')
  
  Fl_Tabs.cxx
E:\eDev\libs_external\fltk_1.3.9\FL\Fl_Cairo.H(32,11): error C1083: Cannot open include file: 'cairo.h': No such file or directory
  (compiling source file '../../src/Fl_Tabs.cxx')
  
  Fl_Text_Buffer.cxx
E:\eDev\libs_external\fltk_1.3.9\FL\Fl_Cairo.H(32,11): error C1083: Cannot open include file: 'cairo.h': No such file or directory
  (compiling source file '../../src/Fl_Text_Buffer.cxx')
  
  Fl_Text_Display.cxx
E:\eDev\libs_external\fltk_1.3.9\FL\Fl_Cairo.H(32,11): error C1083: Cannot open include file: 'cairo.h': No such file or directory
  (compiling source file '../../src/Fl_Text_Display.cxx')
  
  Fl_Text_Editor.cxx
E:\eDev\libs_external\fltk_1.3.9\FL\Fl_Cairo.H(32,11): error C1083: Cannot open include file: 'cairo.h': No such file or directory
  (compiling source file '../../src/Fl_Text_Editor.cxx')
  
  Fl_Tile.cxx
E:\eDev\libs_external\fltk_1.3.9\FL\Fl_Cairo.H(32,11): error C1083: Cannot open include file: 'cairo.h': No such file or directory
  (compiling source file '../../src/Fl_Tile.cxx')
  
  Fl_Tiled_Image.cxx
E:\eDev\libs_external\fltk_1.3.9\FL\Fl_Cairo.H(32,11): error C1083: Cannot open include file: 'cairo.h': No such file or directory
  (compiling source file '../../src/Fl_Tiled_Image.cxx')
  
  Fl_Tooltip.cxx
E:\eDev\libs_external\fltk_1.3.9\FL\Fl_Cairo.H(32,11): error C1083: Cannot open include file: 'cairo.h': No such file or directory
  (compiling source file '../../src/Fl_Tooltip.cxx')
  
  Fl_Tree.cxx
E:\eDev\libs_external\fltk_1.3.9\FL\Fl_Cairo.H(32,11): error C1083: Cannot open include file: 'cairo.h': No such file or directory
  (compiling source file '../../src/Fl_Tree.cxx')
  
  Fl_Tree_Item.cxx
E:\eDev\libs_external\fltk_1.3.9\FL\Fl_Cairo.H(32,11): error C1083: Cannot open include file: 'cairo.h': No such file or directory
  (compiling source file '../../src/Fl_Tree_Item.cxx')
  
  Fl_Tree_Item_Array.cxx
E:\eDev\libs_external\fltk_1.3.9\FL\Fl_Cairo.H(32,11): error C1083: Cannot open include file: 'cairo.h': No such file or directory
  (compiling source file '../../src/Fl_Tree_Item_Array.cxx')
  
  Fl_Tree_Prefs.cxx
E:\eDev\libs_external\fltk_1.3.9\FL\Fl_Cairo.H(32,11): error C1083: Cannot open include file: 'cairo.h': No such file or directory
  (compiling source file '../../src/Fl_Tree_Prefs.cxx')
  
  fl_utf8.cxx
  Fl_Valuator.cxx
E:\eDev\libs_external\fltk_1.3.9\FL\Fl_Cairo.H(32,11): error C1083: Cannot open include file: 'cairo.h': No such file or directory
  (compiling source file '../../src/Fl_Valuator.cxx')
  
  Fl_Value_Input.cxx
E:\eDev\libs_external\fltk_1.3.9\FL\Fl_Cairo.H(32,11): error C1083: Cannot open include file: 'cairo.h': No such file or directory
  (compiling source file '../../src/Fl_Value_Input.cxx')
  
  Fl_Value_Output.cxx
E:\eDev\libs_external\fltk_1.3.9\FL\Fl_Cairo.H(32,11): error C1083: Cannot open include file: 'cairo.h': No such file or directory
  (compiling source file '../../src/Fl_Value_Output.cxx')
  
  Generating Code...
  Compiling...
  Fl_Value_Slider.cxx
E:\eDev\libs_external\fltk_1.3.9\FL\Fl_Cairo.H(32,11): error C1083: Cannot open include file: 'cairo.h': No such file or directory
  (compiling source file '../../src/Fl_Value_Slider.cxx')
  
  fl_vertex.cxx
E:\eDev\libs_external\fltk_1.3.9\FL\Fl_Cairo.H(32,11): error C1083: Cannot open include file: 'cairo.h': No such file or directory
  (compiling source file '../../src/fl_vertex.cxx')
  
  Fl_visual.cxx
E:\eDev\libs_external\fltk_1.3.9\FL\Fl_Cairo.H(32,11): error C1083: Cannot open include file: 'cairo.h': No such file or directory
  (compiling source file '../../src/Fl_visual.cxx')
  
  Fl_Widget.cxx
E:\eDev\libs_external\fltk_1.3.9\FL\Fl_Cairo.H(32,11): error C1083: Cannot open include file: 'cairo.h': No such file or directory
  (compiling source file '../../src/Fl_Widget.cxx')
  
  Fl_Window.cxx
E:\eDev\libs_external\fltk_1.3.9\FL\Fl_Cairo.H(32,11): error C1083: Cannot open include file: 'cairo.h': No such file or directory
  (compiling source file '../../src/Fl_Window.cxx')
  
  Fl_Window_fullscreen.cxx
E:\eDev\libs_external\fltk_1.3.9\FL\Fl_Cairo.H(32,11): error C1083: Cannot open include file: 'cairo.h': No such file or directory
  (compiling source file '../../src/Fl_Window_fullscreen.cxx')
  
  Fl_Window_hotspot.cxx
E:\eDev\libs_external\fltk_1.3.9\FL\Fl_Cairo.H(32,11): error C1083: Cannot open include file: 'cairo.h': No such file or directory
  (compiling source file '../../src/Fl_Window_hotspot.cxx')
  
  Fl_Window_iconize.cxx
  Fl_Window_shape.cxx
E:\eDev\libs_external\fltk_1.3.9\FL\Fl_Cairo.H(32,11): error C1083: Cannot open include file: 'cairo.h': No such file or directory
  (compiling source file '../../src/Fl_Window_shape.cxx')
  
  Fl_Wizard.cxx
  Fl_XBM_Image.cxx
E:\eDev\libs_external\fltk_1.3.9\FL\Fl_Cairo.H(32,11): error C1083: Cannot open include file: 'cairo.h': No such file or directory
  (compiling source file '../../src/Fl_XBM_Image.cxx')
  
  Fl_XPM_Image.cxx
E:\eDev\libs_external\fltk_1.3.9\FL\Fl_Cairo.H(32,11): error C1083: Cannot open include file: 'cairo.h': No such file or directory
  (compiling source file '../../src/Fl_XPM_Image.cxx')
  
  ps_image.cxx
E:\eDev\libs_external\fltk_1.3.9\FL\Fl_Cairo.H(32,11): error C1083: Cannot open include file: 'cairo.h': No such file or directory
  (compiling source file '../../src/ps_image.cxx')
  
  screen_xywh.cxx
E:\eDev\libs_external\fltk_1.3.9\FL\Fl_Cairo.H(32,11): error C1083: Cannot open include file: 'cairo.h': No such file or directory
  (compiling source file '../../src/screen_xywh.cxx')
  
  Generating Code...
