C:\Program Files\Microsoft Visual Studio\2022\Community\MSBuild\Microsoft\VC\v170\Microsoft.CppBuild.targets(531,5): warning MSB8028: The intermediate directory (Debug Cairo\) contains files shared from another project (adjuster.vcxproj, arc.vcxproj, ask.vcxproj, bitmap.vcxproj, blocks.vcxproj, boxtype.vcxproj, browser.vcxproj, button.vcxproj, buttons.vcxproj, cairo_test.vcxproj, checkers.vcxproj, clock.vcxproj, colbrowser.vcxproj, color_chooser.vcxproj, cube.vcxproj, cursor.vcxproj, curve.vcxproj, device.vcxproj, doublebuffer.vcxproj, file_chooser.vcxproj, fltk.vcxproj, fltkdll.vcxproj, fltkforms.vcxproj, fltkgl.vcxproj, fltkimages.vcxproj, fltkjpeg.vcxproj, fltkpng.vcxproj, fonts.vcxproj, forms.vcxproj, fractals.vcxproj, fullscreen.vcxproj, glpuzzle.vcxproj, gl_overlay.vcxproj, hello.vcxproj, help.vcxproj, iconize.vcxproj, image.vcxproj, input.vcxproj, input_choice.vcxproj, label.vcxproj, line_style.vcxproj, menubar.vcxproj, message.vcxproj, minimum.vcxproj, native-filechooser.vcxproj, navigation.vcxproj, output.vcxproj, overlay.vcxproj, pack.vcxproj, pixmap.vcxproj, pixmap_browser.vcxproj, resizebox.vcxproj, rotated_text.vcxproj, scroll.vcxproj, shape.vcxproj, subwindow.vcxproj, sudoku.vcxproj, symbols.vcxproj, table.vcxproj, threads.vcxproj, tile.vcxproj, tiled_image.vcxproj, unittests.vcxproj, utf8.vcxproj).  This can lead to incorrect clean and rebuild behavior.
  about_panel.cxx
E:\eDev\libs_external\fltk_1.3.9\FL\Fl_Cairo.H(32,11): error C1083: Cannot open include file: 'cairo.h': No such file or directory
  (compiling source file '../../fluid/about_panel.cxx')
  
  align_widget.cxx
E:\eDev\libs_external\fltk_1.3.9\FL\Fl_Cairo.H(32,11): error C1083: Cannot open include file: 'cairo.h': No such file or directory
  (compiling source file '../../fluid/align_widget.cxx')
  
  alignment_panel.cxx
E:\eDev\libs_external\fltk_1.3.9\FL\Fl_Cairo.H(32,11): error C1083: Cannot open include file: 'cairo.h': No such file or directory
  (compiling source file '../../fluid/alignment_panel.cxx')
  
  code.cxx
E:\eDev\libs_external\fltk_1.3.9\FL\Fl_Cairo.H(32,11): error C1083: Cannot open include file: 'cairo.h': No such file or directory
  (compiling source file '../../fluid/code.cxx')
  
  CodeEditor.cxx
E:\eDev\libs_external\fltk_1.3.9\FL\Fl_Cairo.H(32,11): error C1083: Cannot open include file: 'cairo.h': No such file or directory
  (compiling source file '../../fluid/CodeEditor.cxx')
  
  ExternalCodeEditor_WIN32.cxx
E:\eDev\libs_external\fltk_1.3.9\FL\Fl_Cairo.H(32,11): error C1083: Cannot open include file: 'cairo.h': No such file or directory
  (compiling source file '../../fluid/ExternalCodeEditor_WIN32.cxx')
  
  factory.cxx
E:\eDev\libs_external\fltk_1.3.9\FL\Fl_Cairo.H(32,11): error C1083: Cannot open include file: 'cairo.h': No such file or directory
  (compiling source file '../../fluid/factory.cxx')
  
  file.cxx
E:\eDev\libs_external\fltk_1.3.9\FL\Fl_Cairo.H(32,11): error C1083: Cannot open include file: 'cairo.h': No such file or directory
  (compiling source file '../../fluid/file.cxx')
  
  Fl_Function_Type.cxx
E:\eDev\libs_external\fltk_1.3.9\FL\Fl_Cairo.H(32,11): error C1083: Cannot open include file: 'cairo.h': No such file or directory
  (compiling source file '../../fluid/Fl_Function_Type.cxx')
  
  Fl_Group_Type.cxx
E:\eDev\libs_external\fltk_1.3.9\FL\Fl_Cairo.H(32,11): error C1083: Cannot open include file: 'cairo.h': No such file or directory
  (compiling source file '../../fluid/Fl_Group_Type.cxx')
  
  Fl_Menu_Type.cxx
E:\eDev\libs_external\fltk_1.3.9\FL\Fl_Cairo.H(32,11): error C1083: Cannot open include file: 'cairo.h': No such file or directory
  (compiling source file '../../fluid/Fl_Menu_Type.cxx')
  
  Fl_Type.cxx
E:\eDev\libs_external\fltk_1.3.9\FL\Fl_Cairo.H(32,11): error C1083: Cannot open include file: 'cairo.h': No such file or directory
  (compiling source file '../../fluid/Fl_Type.cxx')
  
  Fl_Widget_Type.cxx
E:\eDev\libs_external\fltk_1.3.9\FL\Fl_Cairo.H(32,11): error C1083: Cannot open include file: 'cairo.h': No such file or directory
  (compiling source file '../../fluid/Fl_Widget_Type.cxx')
  
  Fl_Window_Type.cxx
E:\eDev\libs_external\fltk_1.3.9\FL\Fl_Cairo.H(32,11): error C1083: Cannot open include file: 'cairo.h': No such file or directory
  (compiling source file '../../fluid/Fl_Window_Type.cxx')
  
  fluid.cxx
E:\eDev\libs_external\fltk_1.3.9\FL\Fl_Cairo.H(32,11): error C1083: Cannot open include file: 'cairo.h': No such file or directory
  (compiling source file '../../fluid/fluid.cxx')
  
  Fluid_Image.cxx
E:\eDev\libs_external\fltk_1.3.9\FL\Fl_Cairo.H(32,11): error C1083: Cannot open include file: 'cairo.h': No such file or directory
  (compiling source file '../../fluid/Fluid_Image.cxx')
  
  function_panel.cxx
E:\eDev\libs_external\fltk_1.3.9\FL\Fl_Cairo.H(32,11): error C1083: Cannot open include file: 'cairo.h': No such file or directory
  (compiling source file '../../fluid/function_panel.cxx')
  
  template_panel.cxx
E:\eDev\libs_external\fltk_1.3.9\FL\Fl_Cairo.H(32,11): error C1083: Cannot open include file: 'cairo.h': No such file or directory
  (compiling source file '../../fluid/template_panel.cxx')
  
  undo.cxx
E:\eDev\libs_external\fltk_1.3.9\FL\Fl_Cairo.H(32,11): error C1083: Cannot open include file: 'cairo.h': No such file or directory
  (compiling source file '../../fluid/undo.cxx')
  
  widget_panel.cxx
E:\eDev\libs_external\fltk_1.3.9\FL\Fl_Cairo.H(32,11): error C1083: Cannot open include file: 'cairo.h': No such file or directory
  (compiling source file '../../fluid/widget_panel.cxx')
  
  Generating Code...
