e:\edev\libs_external\fltk_1.3.9\ide\visualc2010\mandelbrot\x64\debug\vc143.pdb
e:\edev\libs_external\fltk_1.3.9\ide\visualc2010\mandelbrot\x64\debug\mandelbrot_ui.obj
e:\edev\libs_external\fltk_1.3.9\ide\visualc2010\mandelbrot\x64\debug\mandelbrot.obj
e:\edev\libs_external\fltk_1.3.9\test\mandelbrot_ui.cxx
e:\edev\libs_external\fltk_1.3.9\test\mandelbrotd.exe
e:\edev\libs_external\fltk_1.3.9\ide\visualc2010\mandelbrot\x64\debug\mandelbrotd.pdb
e:\edev\libs_external\fltk_1.3.9\ide\visualc2020\mandelbrot\x64\debug\mandelbrot.obj
e:\edev\libs_external\fltk_1.3.9\ide\visualc2020\mandelbrot\x64\debug\mandelbrot_ui.obj
e:\edev\libs_external\fltk_1.3.9\ide\visualc2020\mandelbrot\x64\debug\mandelbrotd.pdb
e:\edev\libs_external\fltk_1.3.9\ide\visualc2020\mandelbrot\x64\debug\vc143.pdb
e:\edev\libs_external\fltk_1.3.9\ide\visualc2020\mandelbrot\x64\debug\mandelbrot.tlog\cl.command.1.tlog
e:\edev\libs_external\fltk_1.3.9\ide\visualc2020\mandelbrot\x64\debug\mandelbrot.tlog\cl.items.tlog
e:\edev\libs_external\fltk_1.3.9\ide\visualc2020\mandelbrot\x64\debug\mandelbrot.tlog\cl.read.1.tlog
e:\edev\libs_external\fltk_1.3.9\ide\visualc2020\mandelbrot\x64\debug\mandelbrot.tlog\cl.write.1.tlog
e:\edev\libs_external\fltk_1.3.9\ide\visualc2020\mandelbrot\x64\debug\mandelbrot.tlog\custombuild.command.1.tlog
e:\edev\libs_external\fltk_1.3.9\ide\visualc2020\mandelbrot\x64\debug\mandelbrot.tlog\custombuild.read.1.tlog
e:\edev\libs_external\fltk_1.3.9\ide\visualc2020\mandelbrot\x64\debug\mandelbrot.tlog\custombuild.write.1.tlog
e:\edev\libs_external\fltk_1.3.9\ide\visualc2020\mandelbrot\x64\debug\mandelbrot.tlog\link.command.1.tlog
e:\edev\libs_external\fltk_1.3.9\ide\visualc2020\mandelbrot\x64\debug\mandelbrot.tlog\link.read.1.tlog
e:\edev\libs_external\fltk_1.3.9\ide\visualc2020\mandelbrot\x64\debug\mandelbrot.tlog\link.secondary.1.tlog
e:\edev\libs_external\fltk_1.3.9\ide\visualc2020\mandelbrot\x64\debug\mandelbrot.tlog\link.write.1.tlog
