e:\edev\lib_external\fltk_1.3.9\ide\visualc2020\fltkdll\x64\debug\vc143.pdb
e:\edev\lib_external\fltk_1.3.9\ide\visualc2020\fltkdll\x64\debug\is_spacing.obj
e:\edev\lib_external\fltk_1.3.9\ide\visualc2020\fltkdll\x64\debug\is_right2left.obj
e:\edev\lib_external\fltk_1.3.9\ide\visualc2020\fltkdll\x64\debug\fl_utf.obj
e:\edev\lib_external\fltk_1.3.9\ide\visualc2020\fltkdll\x64\debug\case.obj
e:\edev\lib_external\fltk_1.3.9\ide\visualc2020\fltkdll\x64\debug\fl_browser.obj
e:\edev\lib_external\fltk_1.3.9\ide\visualc2020\fltkdll\x64\debug\fl_boxtype.obj
e:\edev\lib_external\fltk_1.3.9\ide\visualc2020\fltkdll\x64\debug\fl_box.obj
e:\edev\lib_external\fltk_1.3.9\ide\visualc2020\fltkdll\x64\debug\fl_bmp_image.obj
e:\edev\lib_external\fltk_1.3.9\ide\visualc2020\fltkdll\x64\debug\fl_bitmap.obj
e:\edev\lib_external\fltk_1.3.9\ide\visualc2020\fltkdll\x64\debug\fl_ask.obj
e:\edev\lib_external\fltk_1.3.9\ide\visualc2020\fltkdll\x64\debug\fl_arg.obj
e:\edev\lib_external\fltk_1.3.9\ide\visualc2020\fltkdll\x64\debug\fl_arci.obj
e:\edev\lib_external\fltk_1.3.9\ide\visualc2020\fltkdll\x64\debug\fl_arc.obj
e:\edev\lib_external\fltk_1.3.9\ide\visualc2020\fltkdll\x64\debug\fl_adjuster.obj
e:\edev\lib_external\fltk_1.3.9\ide\visualc2020\fltkdll\x64\debug\fl_add_idle.obj
e:\edev\lib_external\fltk_1.3.9\ide\visualc2020\fltkdll\x64\debug\fl_abort.obj
e:\edev\lib_external\fltk_1.3.9\ide\visualc2020\fltkdll\x64\debug\fl.obj
e:\edev\lib_external\fltk_1.3.9\ide\visualc2020\fltkdll\x64\debug\filename_setext.obj
e:\edev\lib_external\fltk_1.3.9\ide\visualc2020\fltkdll\x64\debug\filename_match.obj
e:\edev\lib_external\fltk_1.3.9\ide\visualc2020\fltkdll\x64\debug\filename_list.obj
e:\edev\lib_external\fltk_1.3.9\ide\visualc2020\fltkdll\x64\debug\filename_isdir.obj
e:\edev\lib_external\fltk_1.3.9\ide\visualc2020\fltkdll\x64\debug\filename_ext.obj
e:\edev\lib_external\fltk_1.3.9\ide\visualc2020\fltkdll\x64\debug\filename_expand.obj
e:\edev\lib_external\fltk_1.3.9\ide\visualc2020\fltkdll\x64\debug\filename_absolute.obj
e:\edev\lib_external\fltk_1.3.9\ide\visualc2020\fltkdll\x64\debug\fl_double_window.obj
e:\edev\lib_external\fltk_1.3.9\ide\visualc2020\fltkdll\x64\debug\fl_dnd.obj
e:\edev\lib_external\fltk_1.3.9\ide\visualc2020\fltkdll\x64\debug\fl_display.obj
e:\edev\lib_external\fltk_1.3.9\ide\visualc2020\fltkdll\x64\debug\fl_diamond_box.obj
e:\edev\lib_external\fltk_1.3.9\ide\visualc2020\fltkdll\x64\debug\fl_dial.obj
e:\edev\lib_external\fltk_1.3.9\ide\visualc2020\fltkdll\x64\debug\fl_curve.obj
e:\edev\lib_external\fltk_1.3.9\ide\visualc2020\fltkdll\x64\debug\fl_cursor.obj
e:\edev\lib_external\fltk_1.3.9\ide\visualc2020\fltkdll\x64\debug\fl_counter.obj
e:\edev\lib_external\fltk_1.3.9\ide\visualc2020\fltkdll\x64\debug\fl_copy_surface.obj
e:\edev\lib_external\fltk_1.3.9\ide\visualc2020\fltkdll\x64\debug\fl_compose.obj
e:\edev\lib_external\fltk_1.3.9\ide\visualc2020\fltkdll\x64\debug\fl_color_chooser.obj
e:\edev\lib_external\fltk_1.3.9\ide\visualc2020\fltkdll\x64\debug\fl_color.obj
e:\edev\lib_external\fltk_1.3.9\ide\visualc2020\fltkdll\x64\debug\fl_clock.obj
e:\edev\lib_external\fltk_1.3.9\ide\visualc2020\fltkdll\x64\debug\fl_choice.obj
e:\edev\lib_external\fltk_1.3.9\ide\visualc2020\fltkdll\x64\debug\fl_check_button.obj
e:\edev\lib_external\fltk_1.3.9\ide\visualc2020\fltkdll\x64\debug\fl_check_browser.obj
e:\edev\lib_external\fltk_1.3.9\ide\visualc2020\fltkdll\x64\debug\fl_chart.obj
e:\edev\lib_external\fltk_1.3.9\ide\visualc2020\fltkdll\x64\debug\fl_button.obj
e:\edev\lib_external\fltk_1.3.9\ide\visualc2020\fltkdll\x64\debug\fl_browser_load.obj
e:\edev\lib_external\fltk_1.3.9\ide\visualc2020\fltkdll\x64\debug\fl_browser_.obj
e:\edev\lib_external\fltk_1.3.9\ide\visualc2020\fltkdll\x64\debug\fl_group.obj
e:\edev\lib_external\fltk_1.3.9\ide\visualc2020\fltkdll\x64\debug\fl_grab.obj
e:\edev\lib_external\fltk_1.3.9\ide\visualc2020\fltkdll\x64\debug\fl_gl_window.obj
e:\edev\lib_external\fltk_1.3.9\ide\visualc2020\fltkdll\x64\debug\fl_gl_overlay.obj
e:\edev\lib_external\fltk_1.3.9\ide\visualc2020\fltkdll\x64\debug\fl_gl_choice.obj
e:\edev\lib_external\fltk_1.3.9\ide\visualc2020\fltkdll\x64\debug\fl_gif_image.obj
e:\edev\lib_external\fltk_1.3.9\ide\visualc2020\fltkdll\x64\debug\fl_get_system_colors.obj
e:\edev\lib_external\fltk_1.3.9\ide\visualc2020\fltkdll\x64\debug\fl_get_key.obj
e:\edev\lib_external\fltk_1.3.9\ide\visualc2020\fltkdll\x64\debug\fl_font.obj
e:\edev\lib_external\fltk_1.3.9\ide\visualc2020\fltkdll\x64\debug\fl_file_input.obj
e:\edev\lib_external\fltk_1.3.9\ide\visualc2020\fltkdll\x64\debug\fl_file_icon2.obj
e:\edev\lib_external\fltk_1.3.9\ide\visualc2020\fltkdll\x64\debug\fl_file_icon.obj
e:\edev\lib_external\fltk_1.3.9\ide\visualc2020\fltkdll\x64\debug\fl_file_dir.obj
e:\edev\lib_external\fltk_1.3.9\ide\visualc2020\fltkdll\x64\debug\fl_file_chooser2.obj
e:\edev\lib_external\fltk_1.3.9\ide\visualc2020\fltkdll\x64\debug\fl_file_chooser.obj
e:\edev\lib_external\fltk_1.3.9\ide\visualc2020\fltkdll\x64\debug\fl_file_browser.obj
e:\edev\lib_external\fltk_1.3.9\ide\visualc2020\fltkdll\x64\debug\fl_engraved_label.obj
e:\edev\lib_external\fltk_1.3.9\ide\visualc2020\fltkdll\x64\debug\fl_draw_pixmap.obj
e:\edev\lib_external\fltk_1.3.9\ide\visualc2020\fltkdll\x64\debug\fl_draw_image.obj
e:\edev\lib_external\fltk_1.3.9\ide\visualc2020\fltkdll\x64\debug\fl_draw.obj
e:\edev\lib_external\fltk_1.3.9\ide\visualc2020\fltkdll\x64\debug\fl_multi_label.obj
e:\edev\lib_external\fltk_1.3.9\ide\visualc2020\fltkdll\x64\debug\fl_menu_window.obj
e:\edev\lib_external\fltk_1.3.9\ide\visualc2020\fltkdll\x64\debug\fl_menu_global.obj
e:\edev\lib_external\fltk_1.3.9\ide\visualc2020\fltkdll\x64\debug\fl_menu_button.obj
e:\edev\lib_external\fltk_1.3.9\ide\visualc2020\fltkdll\x64\debug\fl_menu_bar.obj
e:\edev\lib_external\fltk_1.3.9\ide\visualc2020\fltkdll\x64\debug\fl_menu_add.obj
e:\edev\lib_external\fltk_1.3.9\ide\visualc2020\fltkdll\x64\debug\fl_menu_.obj
e:\edev\lib_external\fltk_1.3.9\ide\visualc2020\fltkdll\x64\debug\fl_menu.obj
e:\edev\lib_external\fltk_1.3.9\ide\visualc2020\fltkdll\x64\debug\fl_lock.obj
e:\edev\lib_external\fltk_1.3.9\ide\visualc2020\fltkdll\x64\debug\fl_line_style.obj
e:\edev\lib_external\fltk_1.3.9\ide\visualc2020\fltkdll\x64\debug\fl_light_button.obj
e:\edev\lib_external\fltk_1.3.9\ide\visualc2020\fltkdll\x64\debug\fl_labeltype.obj
e:\edev\lib_external\fltk_1.3.9\ide\visualc2020\fltkdll\x64\debug\fl_jpeg_image.obj
e:\edev\lib_external\fltk_1.3.9\ide\visualc2020\fltkdll\x64\debug\fl_input_.obj
e:\edev\lib_external\fltk_1.3.9\ide\visualc2020\fltkdll\x64\debug\fl_input.obj
e:\edev\lib_external\fltk_1.3.9\ide\visualc2020\fltkdll\x64\debug\fl_images_core.obj
e:\edev\lib_external\fltk_1.3.9\ide\visualc2020\fltkdll\x64\debug\fl_image_surface.obj
e:\edev\lib_external\fltk_1.3.9\ide\visualc2020\fltkdll\x64\debug\fl_image.obj
e:\edev\lib_external\fltk_1.3.9\ide\visualc2020\fltkdll\x64\debug\fl_help_view.obj
e:\edev\lib_external\fltk_1.3.9\ide\visualc2020\fltkdll\x64\debug\fl_help_dialog.obj
e:\edev\lib_external\fltk_1.3.9\ide\visualc2020\fltkdll\x64\debug\fl_round_box.obj
e:\edev\lib_external\fltk_1.3.9\ide\visualc2020\fltkdll\x64\debug\fl_roller.obj
e:\edev\lib_external\fltk_1.3.9\ide\visualc2020\fltkdll\x64\debug\fl_return_button.obj
e:\edev\lib_external\fltk_1.3.9\ide\visualc2020\fltkdll\x64\debug\fl_repeat_button.obj
e:\edev\lib_external\fltk_1.3.9\ide\visualc2020\fltkdll\x64\debug\fl_rect.obj
e:\edev\lib_external\fltk_1.3.9\ide\visualc2020\fltkdll\x64\debug\fl_progress.obj
e:\edev\lib_external\fltk_1.3.9\ide\visualc2020\fltkdll\x64\debug\fl_preferences.obj
e:\edev\lib_external\fltk_1.3.9\ide\visualc2020\fltkdll\x64\debug\fl_postscript.obj
e:\edev\lib_external\fltk_1.3.9\ide\visualc2020\fltkdll\x64\debug\fl_positioner.obj
e:\edev\lib_external\fltk_1.3.9\ide\visualc2020\fltkdll\x64\debug\fl_pnm_image.obj
e:\edev\lib_external\fltk_1.3.9\ide\visualc2020\fltkdll\x64\debug\fl_png_image.obj
e:\edev\lib_external\fltk_1.3.9\ide\visualc2020\fltkdll\x64\debug\fl_plastic.obj
e:\edev\lib_external\fltk_1.3.9\ide\visualc2020\fltkdll\x64\debug\fl_pixmap.obj
e:\edev\lib_external\fltk_1.3.9\ide\visualc2020\fltkdll\x64\debug\fl_paged_device.obj
e:\edev\lib_external\fltk_1.3.9\ide\visualc2020\fltkdll\x64\debug\fl_pack.obj
e:\edev\lib_external\fltk_1.3.9\ide\visualc2020\fltkdll\x64\debug\fl_own_colormap.obj
e:\edev\lib_external\fltk_1.3.9\ide\visualc2020\fltkdll\x64\debug\fl_overlay_window.obj
e:\edev\lib_external\fltk_1.3.9\ide\visualc2020\fltkdll\x64\debug\fl_overlay_visual.obj
e:\edev\lib_external\fltk_1.3.9\ide\visualc2020\fltkdll\x64\debug\fl_overlay.obj
e:\edev\lib_external\fltk_1.3.9\ide\visualc2020\fltkdll\x64\debug\fl_oval_box.obj
e:\edev\lib_external\fltk_1.3.9\ide\visualc2020\fltkdll\x64\debug\fl_text_editor.obj
e:\edev\lib_external\fltk_1.3.9\ide\visualc2020\fltkdll\x64\debug\fl_text_display.obj
e:\edev\lib_external\fltk_1.3.9\ide\visualc2020\fltkdll\x64\debug\fl_text_buffer.obj
e:\edev\lib_external\fltk_1.3.9\ide\visualc2020\fltkdll\x64\debug\fl_tabs.obj
e:\edev\lib_external\fltk_1.3.9\ide\visualc2020\fltkdll\x64\debug\fl_table_row.obj
e:\edev\lib_external\fltk_1.3.9\ide\visualc2020\fltkdll\x64\debug\fl_table.obj
e:\edev\lib_external\fltk_1.3.9\ide\visualc2020\fltkdll\x64\debug\fl_symbols.obj
e:\edev\lib_external\fltk_1.3.9\ide\visualc2020\fltkdll\x64\debug\fl_slider.obj
e:\edev\lib_external\fltk_1.3.9\ide\visualc2020\fltkdll\x64\debug\fl_single_window.obj
e:\edev\lib_external\fltk_1.3.9\ide\visualc2020\fltkdll\x64\debug\fl_show_colormap.obj
e:\edev\lib_external\fltk_1.3.9\ide\visualc2020\fltkdll\x64\debug\fl_shortcut.obj
e:\edev\lib_external\fltk_1.3.9\ide\visualc2020\fltkdll\x64\debug\fl_shared_image.obj
e:\edev\lib_external\fltk_1.3.9\ide\visualc2020\fltkdll\x64\debug\fl_shadow_box.obj
e:\edev\lib_external\fltk_1.3.9\ide\visualc2020\fltkdll\x64\debug\fl_set_fonts.obj
e:\edev\lib_external\fltk_1.3.9\ide\visualc2020\fltkdll\x64\debug\fl_set_font.obj
e:\edev\lib_external\fltk_1.3.9\ide\visualc2020\fltkdll\x64\debug\fl_scrollbar.obj
e:\edev\lib_external\fltk_1.3.9\ide\visualc2020\fltkdll\x64\debug\fl_scroll_area.obj
e:\edev\lib_external\fltk_1.3.9\ide\visualc2020\fltkdll\x64\debug\fl_scroll.obj
e:\edev\lib_external\fltk_1.3.9\ide\visualc2020\fltkdll\x64\debug\fl_rounded_box.obj
e:\edev\lib_external\fltk_1.3.9\ide\visualc2020\fltkdll\x64\debug\fl_round_button.obj
e:\edev\lib_external\fltk_1.3.9\ide\visualc2020\fltkdll\x64\debug\fl_wizard.obj
e:\edev\lib_external\fltk_1.3.9\ide\visualc2020\fltkdll\x64\debug\fl_window_shape.obj
e:\edev\lib_external\fltk_1.3.9\ide\visualc2020\fltkdll\x64\debug\fl_window_iconize.obj
e:\edev\lib_external\fltk_1.3.9\ide\visualc2020\fltkdll\x64\debug\fl_window_hotspot.obj
e:\edev\lib_external\fltk_1.3.9\ide\visualc2020\fltkdll\x64\debug\fl_window_fullscreen.obj
e:\edev\lib_external\fltk_1.3.9\ide\visualc2020\fltkdll\x64\debug\fl_window.obj
e:\edev\lib_external\fltk_1.3.9\ide\visualc2020\fltkdll\x64\debug\fl_widget.obj
e:\edev\lib_external\fltk_1.3.9\ide\visualc2020\fltkdll\x64\debug\fl_visual.obj
e:\edev\lib_external\fltk_1.3.9\ide\visualc2020\fltkdll\x64\debug\fl_vertex.obj
e:\edev\lib_external\fltk_1.3.9\ide\visualc2020\fltkdll\x64\debug\fl_value_slider.obj
e:\edev\lib_external\fltk_1.3.9\ide\visualc2020\fltkdll\x64\debug\fl_value_output.obj
e:\edev\lib_external\fltk_1.3.9\ide\visualc2020\fltkdll\x64\debug\fl_value_input.obj
e:\edev\lib_external\fltk_1.3.9\ide\visualc2020\fltkdll\x64\debug\fl_valuator.obj
e:\edev\lib_external\fltk_1.3.9\ide\visualc2020\fltkdll\x64\debug\fl_tree_prefs.obj
e:\edev\lib_external\fltk_1.3.9\ide\visualc2020\fltkdll\x64\debug\fl_tree_item_array.obj
e:\edev\lib_external\fltk_1.3.9\ide\visualc2020\fltkdll\x64\debug\fl_tree_item.obj
e:\edev\lib_external\fltk_1.3.9\ide\visualc2020\fltkdll\x64\debug\fl_tree.obj
e:\edev\lib_external\fltk_1.3.9\ide\visualc2020\fltkdll\x64\debug\fl_tooltip.obj
e:\edev\lib_external\fltk_1.3.9\ide\visualc2020\fltkdll\x64\debug\fl_tiled_image.obj
e:\edev\lib_external\fltk_1.3.9\ide\visualc2020\fltkdll\x64\debug\fl_tile.obj
e:\edev\lib_external\fltk_1.3.9\ide\visualc2020\fltkdll\x64\debug\screen_xywh.obj
e:\edev\lib_external\fltk_1.3.9\ide\visualc2020\fltkdll\x64\debug\glut_font.obj
e:\edev\lib_external\fltk_1.3.9\ide\visualc2020\fltkdll\x64\debug\glut_compatability.obj
e:\edev\lib_external\fltk_1.3.9\ide\visualc2020\fltkdll\x64\debug\gl_start.obj
e:\edev\lib_external\fltk_1.3.9\ide\visualc2020\fltkdll\x64\debug\gl_draw.obj
e:\edev\lib_external\fltk_1.3.9\ide\visualc2020\fltkdll\x64\debug\forms_timer.obj
e:\edev\lib_external\fltk_1.3.9\ide\visualc2020\fltkdll\x64\debug\forms_pixmap.obj
e:\edev\lib_external\fltk_1.3.9\ide\visualc2020\fltkdll\x64\debug\forms_fselect.obj
e:\edev\lib_external\fltk_1.3.9\ide\visualc2020\fltkdll\x64\debug\forms_free.obj
e:\edev\lib_external\fltk_1.3.9\ide\visualc2020\fltkdll\x64\debug\forms_compatability.obj
e:\edev\lib_external\fltk_1.3.9\ide\visualc2020\fltkdll\x64\debug\forms_bitmap.obj
e:\edev\lib_external\fltk_1.3.9\ide\visualc2020\fltkdll\x64\debug\fl_xpm_image.obj
e:\edev\lib_external\fltk_1.3.9\ide\visualc2020\fltkdll\x64\debug\fl_xbm_image.obj
e:\edev\lib_external\fltk_1.3.9\ide\visualc2020\fltkdll\x64\debug\fl_x.obj
e:\edev\lib_external\fltk_1.3.9\ide\visualc2020\fltkdll\x64\debug\fl_cairo1.obj
e:\edev\lib_external\fltk_1.3.9\ide\visualc2020\fltkdll\x64\debug\ps_image.obj
e:\edev\lib_external\fltk_1.3.9\ide\visualc2020\fltkdll\x64\debug\freeglut_teapot.obj
e:\edev\lib_external\fltk_1.3.9\ide\visualc2020\fltkdll\x64\debug\freeglut_stroke_roman.obj
e:\edev\lib_external\fltk_1.3.9\ide\visualc2020\fltkdll\x64\debug\freeglut_stroke_mono_roman.obj
e:\edev\lib_external\fltk_1.3.9\ide\visualc2020\fltkdll\x64\debug\freeglut_geometry.obj
e:\edev\lib_external\fltk_1.3.9\ide\visualc2020\fltkdll\x64\debug\fl_utf8.obj
e:\edev\lib_external\fltk_1.3.9\ide\visualc2020\fltkdll\x64\debug\fl_read_image.obj
e:\edev\lib_external\fltk_1.3.9\ide\visualc2020\fltkdll\x64\debug\fl_printer.obj
e:\edev\lib_external\fltk_1.3.9\ide\visualc2020\fltkdll\x64\debug\fl_open_uri.obj
e:\edev\lib_external\fltk_1.3.9\ide\visualc2020\fltkdll\x64\debug\fl_native_file_chooser.obj
e:\edev\lib_external\fltk_1.3.9\ide\visualc2020\fltkdll\x64\debug\fl_gleam.obj
e:\edev\lib_external\fltk_1.3.9\ide\visualc2020\fltkdll\x64\debug\fl_gtk.obj
e:\edev\lib_external\fltk_1.3.9\ide\visualc2020\fltkdll\x64\debug\fl_gl_device_plugin.obj
e:\edev\lib_external\fltk_1.3.9\ide\visualc2020\fltkdll\x64\debug\fl_device.obj
e:\edev\lib_external\fltk_1.3.9\ide\visualc2020\fltkdll\x64\debug\vsnprintf.obj
e:\edev\lib_external\fltk_1.3.9\ide\visualc2020\fltkdll\x64\debug\scandir.obj
e:\edev\lib_external\fltk_1.3.9\ide\visualc2020\fltkdll\x64\debug\numericsort.obj
e:\edev\lib_external\fltk_1.3.9\ide\visualc2020\fltkdll\x64\debug\flstring.obj
e:\edev\lib_external\fltk_1.3.9\test\fltkdlld.dll
e:\edev\lib_external\fltk_1.3.9\ide\visualc2020\fltkdlld.pdb
e:\edev\lib_external\fltk_1.3.9\test\fltkdlld.lib
e:\edev\lib_external\fltk_1.3.9\test\fltkdlld.exp
e:\edev\lib_external\fltk_1.3.9\ide\visualc2020\fltkdll\x64\debug\fltkdll.tlog\cl.command.1.tlog
e:\edev\lib_external\fltk_1.3.9\ide\visualc2020\fltkdll\x64\debug\fltkdll.tlog\cl.items.tlog
e:\edev\lib_external\fltk_1.3.9\ide\visualc2020\fltkdll\x64\debug\fltkdll.tlog\cl.read.1.tlog
e:\edev\lib_external\fltk_1.3.9\ide\visualc2020\fltkdll\x64\debug\fltkdll.tlog\cl.write.1.tlog
e:\edev\lib_external\fltk_1.3.9\ide\visualc2020\fltkdll\x64\debug\fltkdll.tlog\link.command.1.tlog
e:\edev\lib_external\fltk_1.3.9\ide\visualc2020\fltkdll\x64\debug\fltkdll.tlog\link.read.1.tlog
e:\edev\lib_external\fltk_1.3.9\ide\visualc2020\fltkdll\x64\debug\fltkdll.tlog\link.secondary.1.tlog
e:\edev\lib_external\fltk_1.3.9\ide\visualc2020\fltkdll\x64\debug\fltkdll.tlog\link.write.1.tlog
