e:\edev\libs_external\fltk_1.3.9\ide\visualc2010\fluid\x64\debug\vc143.pdb
e:\edev\libs_external\fltk_1.3.9\ide\visualc2010\fluid\x64\debug\widget_panel.obj
e:\edev\libs_external\fltk_1.3.9\ide\visualc2010\fluid\x64\debug\undo.obj
e:\edev\libs_external\fltk_1.3.9\ide\visualc2010\fluid\x64\debug\template_panel.obj
e:\edev\libs_external\fltk_1.3.9\ide\visualc2010\fluid\x64\debug\function_panel.obj
e:\edev\libs_external\fltk_1.3.9\ide\visualc2010\fluid\x64\debug\fluid_image.obj
e:\edev\libs_external\fltk_1.3.9\ide\visualc2010\fluid\x64\debug\fluid.obj
e:\edev\libs_external\fltk_1.3.9\ide\visualc2010\fluid\x64\debug\fl_window_type.obj
e:\edev\libs_external\fltk_1.3.9\ide\visualc2010\fluid\x64\debug\fl_widget_type.obj
e:\edev\libs_external\fltk_1.3.9\ide\visualc2010\fluid\x64\debug\fl_type.obj
e:\edev\libs_external\fltk_1.3.9\ide\visualc2010\fluid\x64\debug\fl_menu_type.obj
e:\edev\libs_external\fltk_1.3.9\ide\visualc2010\fluid\x64\debug\fl_group_type.obj
e:\edev\libs_external\fltk_1.3.9\ide\visualc2010\fluid\x64\debug\fl_function_type.obj
e:\edev\libs_external\fltk_1.3.9\ide\visualc2010\fluid\x64\debug\file.obj
e:\edev\libs_external\fltk_1.3.9\ide\visualc2010\fluid\x64\debug\factory.obj
e:\edev\libs_external\fltk_1.3.9\ide\visualc2010\fluid\x64\debug\externalcodeeditor_win32.obj
e:\edev\libs_external\fltk_1.3.9\ide\visualc2010\fluid\x64\debug\codeeditor.obj
e:\edev\libs_external\fltk_1.3.9\ide\visualc2010\fluid\x64\debug\code.obj
e:\edev\libs_external\fltk_1.3.9\ide\visualc2010\fluid\x64\debug\alignment_panel.obj
e:\edev\libs_external\fltk_1.3.9\ide\visualc2010\fluid\x64\debug\align_widget.obj
e:\edev\libs_external\fltk_1.3.9\ide\visualc2010\fluid\x64\debug\about_panel.obj
e:\edev\libs_external\fltk_1.3.9\fluid\fluidd.exe
e:\edev\libs_external\fltk_1.3.9\ide\visualc2010\fluid\x64\debug\fluidd.pdb
e:\edev\libs_external\fltk_1.3.9\ide\visualc2020\fluid\x64\debug\about_panel.obj
e:\edev\libs_external\fltk_1.3.9\ide\visualc2020\fluid\x64\debug\alignment_panel.obj
e:\edev\libs_external\fltk_1.3.9\ide\visualc2020\fluid\x64\debug\align_widget.obj
e:\edev\libs_external\fltk_1.3.9\ide\visualc2020\fluid\x64\debug\code.obj
e:\edev\libs_external\fltk_1.3.9\ide\visualc2020\fluid\x64\debug\codeeditor.obj
e:\edev\libs_external\fltk_1.3.9\ide\visualc2020\fluid\x64\debug\externalcodeeditor_win32.obj
e:\edev\libs_external\fltk_1.3.9\ide\visualc2020\fluid\x64\debug\factory.obj
e:\edev\libs_external\fltk_1.3.9\ide\visualc2020\fluid\x64\debug\file.obj
e:\edev\libs_external\fltk_1.3.9\ide\visualc2020\fluid\x64\debug\fluid.obj
e:\edev\libs_external\fltk_1.3.9\ide\visualc2020\fluid\x64\debug\fluid_image.obj
e:\edev\libs_external\fltk_1.3.9\ide\visualc2020\fluid\x64\debug\fl_function_type.obj
e:\edev\libs_external\fltk_1.3.9\ide\visualc2020\fluid\x64\debug\fl_group_type.obj
e:\edev\libs_external\fltk_1.3.9\ide\visualc2020\fluid\x64\debug\fl_menu_type.obj
e:\edev\libs_external\fltk_1.3.9\ide\visualc2020\fluid\x64\debug\fl_type.obj
e:\edev\libs_external\fltk_1.3.9\ide\visualc2020\fluid\x64\debug\fl_widget_type.obj
e:\edev\libs_external\fltk_1.3.9\ide\visualc2020\fluid\x64\debug\fl_window_type.obj
e:\edev\libs_external\fltk_1.3.9\ide\visualc2020\fluid\x64\debug\function_panel.obj
e:\edev\libs_external\fltk_1.3.9\ide\visualc2020\fluid\x64\debug\template_panel.obj
e:\edev\libs_external\fltk_1.3.9\ide\visualc2020\fluid\x64\debug\undo.obj
e:\edev\libs_external\fltk_1.3.9\ide\visualc2020\fluid\x64\debug\widget_panel.obj
e:\edev\libs_external\fltk_1.3.9\ide\visualc2020\fluid\x64\debug\fluidd.pdb
e:\edev\libs_external\fltk_1.3.9\ide\visualc2020\fluid\x64\debug\vc143.pdb
e:\edev\libs_external\fltk_1.3.9\ide\visualc2020\fluid\x64\debug\fluid.tlog\cl.command.1.tlog
e:\edev\libs_external\fltk_1.3.9\ide\visualc2020\fluid\x64\debug\fluid.tlog\cl.items.tlog
e:\edev\libs_external\fltk_1.3.9\ide\visualc2020\fluid\x64\debug\fluid.tlog\cl.read.1.tlog
e:\edev\libs_external\fltk_1.3.9\ide\visualc2020\fluid\x64\debug\fluid.tlog\cl.write.1.tlog
e:\edev\libs_external\fltk_1.3.9\ide\visualc2020\fluid\x64\debug\fluid.tlog\link.command.1.tlog
e:\edev\libs_external\fltk_1.3.9\ide\visualc2020\fluid\x64\debug\fluid.tlog\link.read.1.tlog
e:\edev\libs_external\fltk_1.3.9\ide\visualc2020\fluid\x64\debug\fluid.tlog\link.secondary.1.tlog
e:\edev\libs_external\fltk_1.3.9\ide\visualc2020\fluid\x64\debug\fluid.tlog\link.write.1.tlog
