e:\edev\libs_external\fltk_1.3.9\ide\visualc2010\x64\debug\fltkgld.bsc
e:\edev\libs_external\fltk_1.3.9\ide\visualc2010\x64\debug\fltkgld.pdb
e:\edev\libs_external\fltk_1.3.9\ide\visualc2010\fltkgl\x64\debug\fl_gl_choice.sbr
e:\edev\libs_external\fltk_1.3.9\ide\visualc2010\fltkgl\x64\debug\fl_gl_device_plugin.sbr
e:\edev\libs_external\fltk_1.3.9\ide\visualc2010\fltkgl\x64\debug\fl_gl_overlay.sbr
e:\edev\libs_external\fltk_1.3.9\ide\visualc2010\fltkgl\x64\debug\fl_gl_window.sbr
e:\edev\libs_external\fltk_1.3.9\ide\visualc2010\fltkgl\x64\debug\freeglut_geometry.sbr
e:\edev\libs_external\fltk_1.3.9\ide\visualc2010\fltkgl\x64\debug\freeglut_stroke_mono_roman.sbr
e:\edev\libs_external\fltk_1.3.9\ide\visualc2010\fltkgl\x64\debug\freeglut_stroke_roman.sbr
e:\edev\libs_external\fltk_1.3.9\ide\visualc2010\fltkgl\x64\debug\freeglut_teapot.sbr
e:\edev\libs_external\fltk_1.3.9\ide\visualc2010\fltkgl\x64\debug\gl_draw.sbr
e:\edev\libs_external\fltk_1.3.9\ide\visualc2010\fltkgl\x64\debug\gl_start.sbr
e:\edev\libs_external\fltk_1.3.9\ide\visualc2010\fltkgl\x64\debug\glut_compatability.sbr
e:\edev\libs_external\fltk_1.3.9\ide\visualc2010\fltkgl\x64\debug\glut_font.sbr
e:\edev\libs_external\fltk_1.3.9\ide\visualc2010\fltkgl\x64\debug\glut_font.obj
e:\edev\libs_external\fltk_1.3.9\ide\visualc2010\fltkgl\x64\debug\glut_compatability.obj
e:\edev\libs_external\fltk_1.3.9\ide\visualc2010\fltkgl\x64\debug\gl_start.obj
e:\edev\libs_external\fltk_1.3.9\ide\visualc2010\fltkgl\x64\debug\gl_draw.obj
e:\edev\libs_external\fltk_1.3.9\ide\visualc2010\fltkgl\x64\debug\freeglut_teapot.obj
e:\edev\libs_external\fltk_1.3.9\ide\visualc2010\fltkgl\x64\debug\freeglut_stroke_roman.obj
e:\edev\libs_external\fltk_1.3.9\ide\visualc2010\fltkgl\x64\debug\freeglut_stroke_mono_roman.obj
e:\edev\libs_external\fltk_1.3.9\ide\visualc2010\fltkgl\x64\debug\freeglut_geometry.obj
e:\edev\libs_external\fltk_1.3.9\ide\visualc2010\fltkgl\x64\debug\fl_gl_window.obj
e:\edev\libs_external\fltk_1.3.9\ide\visualc2010\fltkgl\x64\debug\fl_gl_overlay.obj
e:\edev\libs_external\fltk_1.3.9\ide\visualc2010\fltkgl\x64\debug\fl_gl_device_plugin.obj
e:\edev\libs_external\fltk_1.3.9\ide\visualc2010\fltkgl\x64\debug\fl_gl_choice.obj
e:\edev\libs_external\fltk_1.3.9\lib\fltkgld.lib
e:\edev\libs_external\fltk_1.3.9\ide\visualc2020\fltkgl\x64\debug\fl_gl_choice.obj
e:\edev\libs_external\fltk_1.3.9\ide\visualc2020\fltkgl\x64\debug\fl_gl_device_plugin.obj
e:\edev\libs_external\fltk_1.3.9\ide\visualc2020\fltkgl\x64\debug\fl_gl_overlay.obj
e:\edev\libs_external\fltk_1.3.9\ide\visualc2020\fltkgl\x64\debug\fl_gl_window.obj
e:\edev\libs_external\fltk_1.3.9\ide\visualc2020\fltkgl\x64\debug\freeglut_geometry.obj
e:\edev\libs_external\fltk_1.3.9\ide\visualc2020\fltkgl\x64\debug\freeglut_stroke_mono_roman.obj
e:\edev\libs_external\fltk_1.3.9\ide\visualc2020\fltkgl\x64\debug\freeglut_stroke_roman.obj
e:\edev\libs_external\fltk_1.3.9\ide\visualc2020\fltkgl\x64\debug\freeglut_teapot.obj
e:\edev\libs_external\fltk_1.3.9\ide\visualc2020\fltkgl\x64\debug\glut_compatability.obj
e:\edev\libs_external\fltk_1.3.9\ide\visualc2020\fltkgl\x64\debug\glut_font.obj
e:\edev\libs_external\fltk_1.3.9\ide\visualc2020\fltkgl\x64\debug\gl_draw.obj
e:\edev\libs_external\fltk_1.3.9\ide\visualc2020\fltkgl\x64\debug\gl_start.obj
e:\edev\libs_external\fltk_1.3.9\ide\visualc2020\fltkgl\x64\debug\fl_gl_choice.sbr
e:\edev\libs_external\fltk_1.3.9\ide\visualc2020\fltkgl\x64\debug\fl_gl_device_plugin.sbr
e:\edev\libs_external\fltk_1.3.9\ide\visualc2020\fltkgl\x64\debug\fl_gl_overlay.sbr
e:\edev\libs_external\fltk_1.3.9\ide\visualc2020\fltkgl\x64\debug\fl_gl_window.sbr
e:\edev\libs_external\fltk_1.3.9\ide\visualc2020\fltkgl\x64\debug\freeglut_geometry.sbr
e:\edev\libs_external\fltk_1.3.9\ide\visualc2020\fltkgl\x64\debug\freeglut_stroke_mono_roman.sbr
e:\edev\libs_external\fltk_1.3.9\ide\visualc2020\fltkgl\x64\debug\freeglut_stroke_roman.sbr
e:\edev\libs_external\fltk_1.3.9\ide\visualc2020\fltkgl\x64\debug\freeglut_teapot.sbr
e:\edev\libs_external\fltk_1.3.9\ide\visualc2020\fltkgl\x64\debug\glut_compatability.sbr
e:\edev\libs_external\fltk_1.3.9\ide\visualc2020\fltkgl\x64\debug\glut_font.sbr
e:\edev\libs_external\fltk_1.3.9\ide\visualc2020\fltkgl\x64\debug\gl_draw.sbr
e:\edev\libs_external\fltk_1.3.9\ide\visualc2020\fltkgl\x64\debug\gl_start.sbr
e:\edev\libs_external\fltk_1.3.9\ide\visualc2020\x64\debug\fltkgld.pdb
e:\edev\libs_external\fltk_1.3.9\ide\visualc2020\x64\debug\fltkgld.bsc
e:\edev\libs_external\fltk_1.3.9\ide\visualc2020\fltkgl\x64\debug\fltkgl.tlog\bscmake.command.1.tlog
e:\edev\libs_external\fltk_1.3.9\ide\visualc2020\fltkgl\x64\debug\fltkgl.tlog\bscmake.read.1.tlog
e:\edev\libs_external\fltk_1.3.9\ide\visualc2020\fltkgl\x64\debug\fltkgl.tlog\bscmake.write.1.tlog
e:\edev\libs_external\fltk_1.3.9\ide\visualc2020\fltkgl\x64\debug\fltkgl.tlog\cl.command.1.tlog
e:\edev\libs_external\fltk_1.3.9\ide\visualc2020\fltkgl\x64\debug\fltkgl.tlog\cl.items.tlog
e:\edev\libs_external\fltk_1.3.9\ide\visualc2020\fltkgl\x64\debug\fltkgl.tlog\cl.read.1.tlog
e:\edev\libs_external\fltk_1.3.9\ide\visualc2020\fltkgl\x64\debug\fltkgl.tlog\cl.write.1.tlog
e:\edev\libs_external\fltk_1.3.9\ide\visualc2020\fltkgl\x64\debug\fltkgl.tlog\lib-link.read.1.tlog
e:\edev\libs_external\fltk_1.3.9\ide\visualc2020\fltkgl\x64\debug\fltkgl.tlog\lib-link.write.1.tlog
e:\edev\libs_external\fltk_1.3.9\ide\visualc2020\fltkgl\x64\debug\fltkgl.tlog\lib.command.1.tlog
