          1 file(s) copied.
  Fl_Scrollbar.cxx
  Fl_Shared_Image.cxx
  Fl_Single_Window.cxx
  Fl_Slider.cxx
  Fl_Table.cxx
  Fl_Table_Row.cxx
  Fl_Tabs.cxx
  Fl_Text_Buffer.cxx
  Fl_Text_Display.cxx
  Fl_Text_Editor.cxx
  Fl_Tile.cxx
  Fl_Tiled_Image.cxx
  Fl_Tooltip.cxx
  Fl_Tree.cxx
  Fl_Tree_Item.cxx
  Fl_Tree_Item_Array.cxx
  Fl_Tree_Prefs.cxx
  Fl_Valuator.cxx
  Fl_Value_Input.cxx
  Fl_Value_Output.cxx
  Generating Code...
  Compiling...
  Fl_Value_Slider.cxx
  Fl_Widget.cxx
  Fl_Window.cxx
  Fl_Window_fullscreen.cxx
  Fl_Window_hotspot.cxx
  Fl_Window_iconize.cxx
  Fl_Window_shape.cxx
  Fl_Wizard.cxx
  Fl_XBM_Image.cxx
  Fl_XPM_Image.cxx
  Fl_visual.cxx
  Fl_x.cxx
  fl_scroll_area.cxx
  fl_set_font.cxx
  fl_set_fonts.cxx
  fl_shadow_box.cxx
  fl_shortcut.cxx
  fl_show_colormap.cxx
  fl_symbols.cxx
  fl_utf8.cxx
  Generating Code...
  Compiling...
  fl_vertex.cxx
  ps_image.cxx
  screen_xywh.cxx
  Generating Code...
  fltk.lib.vcxproj -> E:\eDev\libs_external\fltk_1.3.9\lib\fltk.lib
