e:\edev\lib_external\fltk_1.3.9\ide\visualc2020\x64\debug\fltkd.bsc
e:\edev\lib_external\fltk_1.3.9\ide\visualc2020\x64\debug\fltkd.pdb
e:\edev\lib_external\fltk_1.3.9\ide\visualc2020\fltk\x64\debug\case.sbr
e:\edev\lib_external\fltk_1.3.9\ide\visualc2020\fltk\x64\debug\fl_call_main.sbr
e:\edev\lib_external\fltk_1.3.9\ide\visualc2020\fltk\x64\debug\fl_utf.sbr
e:\edev\lib_external\fltk_1.3.9\ide\visualc2020\fltk\x64\debug\flstring.sbr
e:\edev\lib_external\fltk_1.3.9\ide\visualc2020\fltk\x64\debug\is_right2left.sbr
e:\edev\lib_external\fltk_1.3.9\ide\visualc2020\fltk\x64\debug\is_spacing.sbr
e:\edev\lib_external\fltk_1.3.9\ide\visualc2020\fltk\x64\debug\numericsort.sbr
e:\edev\lib_external\fltk_1.3.9\ide\visualc2020\fltk\x64\debug\scandir.sbr
e:\edev\lib_external\fltk_1.3.9\ide\visualc2020\fltk\x64\debug\vsnprintf.sbr
e:\edev\lib_external\fltk_1.3.9\ide\visualc2020\fltk\x64\debug\vsnprintf.obj
e:\edev\lib_external\fltk_1.3.9\ide\visualc2020\fltk\x64\debug\scandir.obj
e:\edev\lib_external\fltk_1.3.9\ide\visualc2020\fltk\x64\debug\numericsort.obj
e:\edev\lib_external\fltk_1.3.9\ide\visualc2020\fltk\x64\debug\is_spacing.obj
e:\edev\lib_external\fltk_1.3.9\ide\visualc2020\fltk\x64\debug\is_right2left.obj
e:\edev\lib_external\fltk_1.3.9\ide\visualc2020\fltk\x64\debug\flstring.obj
e:\edev\lib_external\fltk_1.3.9\ide\visualc2020\fltk\x64\debug\fl_utf.obj
e:\edev\lib_external\fltk_1.3.9\ide\visualc2020\fltk\x64\debug\fl_call_main.obj
e:\edev\lib_external\fltk_1.3.9\ide\visualc2020\fltk\x64\debug\case.obj
e:\edev\lib_external\fltk_1.3.9\ide\visualc2020\fltk\x64\debug\filename_absolute.sbr
e:\edev\lib_external\fltk_1.3.9\ide\visualc2020\fltk\x64\debug\filename_expand.sbr
e:\edev\lib_external\fltk_1.3.9\ide\visualc2020\fltk\x64\debug\filename_ext.sbr
e:\edev\lib_external\fltk_1.3.9\ide\visualc2020\fltk\x64\debug\filename_isdir.sbr
e:\edev\lib_external\fltk_1.3.9\ide\visualc2020\fltk\x64\debug\filename_list.sbr
e:\edev\lib_external\fltk_1.3.9\ide\visualc2020\fltk\x64\debug\filename_match.sbr
e:\edev\lib_external\fltk_1.3.9\ide\visualc2020\fltk\x64\debug\filename_setext.sbr
e:\edev\lib_external\fltk_1.3.9\ide\visualc2020\fltk\x64\debug\fl.sbr
e:\edev\lib_external\fltk_1.3.9\ide\visualc2020\fltk\x64\debug\fl_abort.sbr
e:\edev\lib_external\fltk_1.3.9\ide\visualc2020\fltk\x64\debug\fl_add_idle.sbr
e:\edev\lib_external\fltk_1.3.9\ide\visualc2020\fltk\x64\debug\fl_adjuster.sbr
e:\edev\lib_external\fltk_1.3.9\ide\visualc2020\fltk\x64\debug\fl_arc.sbr
e:\edev\lib_external\fltk_1.3.9\ide\visualc2020\fltk\x64\debug\fl_arci.sbr
e:\edev\lib_external\fltk_1.3.9\ide\visualc2020\fltk\x64\debug\fl_arg.sbr
e:\edev\lib_external\fltk_1.3.9\ide\visualc2020\fltk\x64\debug\fl_ask.sbr
e:\edev\lib_external\fltk_1.3.9\ide\visualc2020\fltk\x64\debug\fl_bitmap.sbr
e:\edev\lib_external\fltk_1.3.9\ide\visualc2020\fltk\x64\debug\fl_box.sbr
e:\edev\lib_external\fltk_1.3.9\ide\visualc2020\fltk\x64\debug\fl_boxtype.sbr
e:\edev\lib_external\fltk_1.3.9\ide\visualc2020\fltk\x64\debug\fl_browser.sbr
e:\edev\lib_external\fltk_1.3.9\ide\visualc2020\fltk\x64\debug\fl_browser_.sbr
e:\edev\lib_external\fltk_1.3.9\ide\visualc2020\fltk\x64\debug\fl_browser_.obj
e:\edev\lib_external\fltk_1.3.9\ide\visualc2020\fltk\x64\debug\fl_browser.obj
e:\edev\lib_external\fltk_1.3.9\ide\visualc2020\fltk\x64\debug\fl_boxtype.obj
e:\edev\lib_external\fltk_1.3.9\ide\visualc2020\fltk\x64\debug\fl_box.obj
e:\edev\lib_external\fltk_1.3.9\ide\visualc2020\fltk\x64\debug\fl_bitmap.obj
e:\edev\lib_external\fltk_1.3.9\ide\visualc2020\fltk\x64\debug\fl_ask.obj
e:\edev\lib_external\fltk_1.3.9\ide\visualc2020\fltk\x64\debug\fl_arg.obj
e:\edev\lib_external\fltk_1.3.9\ide\visualc2020\fltk\x64\debug\fl_arci.obj
e:\edev\lib_external\fltk_1.3.9\ide\visualc2020\fltk\x64\debug\fl_arc.obj
e:\edev\lib_external\fltk_1.3.9\ide\visualc2020\fltk\x64\debug\fl_adjuster.obj
e:\edev\lib_external\fltk_1.3.9\ide\visualc2020\fltk\x64\debug\fl_add_idle.obj
e:\edev\lib_external\fltk_1.3.9\ide\visualc2020\fltk\x64\debug\fl_abort.obj
e:\edev\lib_external\fltk_1.3.9\ide\visualc2020\fltk\x64\debug\fl.obj
e:\edev\lib_external\fltk_1.3.9\ide\visualc2020\fltk\x64\debug\filename_setext.obj
e:\edev\lib_external\fltk_1.3.9\ide\visualc2020\fltk\x64\debug\filename_match.obj
e:\edev\lib_external\fltk_1.3.9\ide\visualc2020\fltk\x64\debug\filename_list.obj
e:\edev\lib_external\fltk_1.3.9\ide\visualc2020\fltk\x64\debug\filename_isdir.obj
e:\edev\lib_external\fltk_1.3.9\ide\visualc2020\fltk\x64\debug\filename_ext.obj
e:\edev\lib_external\fltk_1.3.9\ide\visualc2020\fltk\x64\debug\filename_expand.obj
e:\edev\lib_external\fltk_1.3.9\ide\visualc2020\fltk\x64\debug\filename_absolute.obj
e:\edev\lib_external\fltk_1.3.9\ide\visualc2020\fltk\x64\debug\fl_browser_load.sbr
e:\edev\lib_external\fltk_1.3.9\ide\visualc2020\fltk\x64\debug\fl_button.sbr
e:\edev\lib_external\fltk_1.3.9\ide\visualc2020\fltk\x64\debug\fl_cairo.sbr
e:\edev\lib_external\fltk_1.3.9\ide\visualc2020\fltk\x64\debug\fl_chart.sbr
e:\edev\lib_external\fltk_1.3.9\ide\visualc2020\fltk\x64\debug\fl_check_browser.sbr
e:\edev\lib_external\fltk_1.3.9\ide\visualc2020\fltk\x64\debug\fl_check_button.sbr
e:\edev\lib_external\fltk_1.3.9\ide\visualc2020\fltk\x64\debug\fl_choice.sbr
e:\edev\lib_external\fltk_1.3.9\ide\visualc2020\fltk\x64\debug\fl_clock.sbr
e:\edev\lib_external\fltk_1.3.9\ide\visualc2020\fltk\x64\debug\fl_color.sbr
e:\edev\lib_external\fltk_1.3.9\ide\visualc2020\fltk\x64\debug\fl_color_chooser.sbr
e:\edev\lib_external\fltk_1.3.9\ide\visualc2020\fltk\x64\debug\fl_compose.sbr
e:\edev\lib_external\fltk_1.3.9\ide\visualc2020\fltk\x64\debug\fl_copy_surface.sbr
e:\edev\lib_external\fltk_1.3.9\ide\visualc2020\fltk\x64\debug\fl_counter.sbr
e:\edev\lib_external\fltk_1.3.9\ide\visualc2020\fltk\x64\debug\fl_cursor.sbr
e:\edev\lib_external\fltk_1.3.9\ide\visualc2020\fltk\x64\debug\fl_curve.sbr
e:\edev\lib_external\fltk_1.3.9\ide\visualc2020\fltk\x64\debug\fl_device.sbr
e:\edev\lib_external\fltk_1.3.9\ide\visualc2020\fltk\x64\debug\fl_dial.sbr
e:\edev\lib_external\fltk_1.3.9\ide\visualc2020\fltk\x64\debug\fl_diamond_box.sbr
e:\edev\lib_external\fltk_1.3.9\ide\visualc2020\fltk\x64\debug\fl_display.sbr
e:\edev\lib_external\fltk_1.3.9\ide\visualc2020\fltk\x64\debug\fl_dnd.sbr
e:\edev\lib_external\fltk_1.3.9\ide\visualc2020\fltk\x64\debug\fl_dnd.obj
e:\edev\lib_external\fltk_1.3.9\ide\visualc2020\fltk\x64\debug\fl_display.obj
e:\edev\lib_external\fltk_1.3.9\ide\visualc2020\fltk\x64\debug\fl_diamond_box.obj
e:\edev\lib_external\fltk_1.3.9\ide\visualc2020\fltk\x64\debug\fl_dial.obj
e:\edev\lib_external\fltk_1.3.9\ide\visualc2020\fltk\x64\debug\fl_device.obj
e:\edev\lib_external\fltk_1.3.9\ide\visualc2020\fltk\x64\debug\fl_curve.obj
e:\edev\lib_external\fltk_1.3.9\ide\visualc2020\fltk\x64\debug\fl_cursor.obj
e:\edev\lib_external\fltk_1.3.9\ide\visualc2020\fltk\x64\debug\fl_counter.obj
e:\edev\lib_external\fltk_1.3.9\ide\visualc2020\fltk\x64\debug\fl_copy_surface.obj
e:\edev\lib_external\fltk_1.3.9\ide\visualc2020\fltk\x64\debug\fl_compose.obj
e:\edev\lib_external\fltk_1.3.9\ide\visualc2020\fltk\x64\debug\fl_color_chooser.obj
e:\edev\lib_external\fltk_1.3.9\ide\visualc2020\fltk\x64\debug\fl_color.obj
e:\edev\lib_external\fltk_1.3.9\ide\visualc2020\fltk\x64\debug\fl_clock.obj
e:\edev\lib_external\fltk_1.3.9\ide\visualc2020\fltk\x64\debug\fl_choice.obj
e:\edev\lib_external\fltk_1.3.9\ide\visualc2020\fltk\x64\debug\fl_check_button.obj
e:\edev\lib_external\fltk_1.3.9\ide\visualc2020\fltk\x64\debug\fl_check_browser.obj
e:\edev\lib_external\fltk_1.3.9\ide\visualc2020\fltk\x64\debug\fl_chart.obj
e:\edev\lib_external\fltk_1.3.9\ide\visualc2020\fltk\x64\debug\fl_cairo.obj
e:\edev\lib_external\fltk_1.3.9\ide\visualc2020\fltk\x64\debug\fl_button.obj
e:\edev\lib_external\fltk_1.3.9\ide\visualc2020\fltk\x64\debug\fl_browser_load.obj
e:\edev\lib_external\fltk_1.3.9\ide\visualc2020\fltk\x64\debug\fl_double_window.sbr
e:\edev\lib_external\fltk_1.3.9\ide\visualc2020\fltk\x64\debug\fl_draw.sbr
e:\edev\lib_external\fltk_1.3.9\ide\visualc2020\fltk\x64\debug\fl_draw_image.sbr
e:\edev\lib_external\fltk_1.3.9\ide\visualc2020\fltk\x64\debug\fl_draw_pixmap.sbr
e:\edev\lib_external\fltk_1.3.9\ide\visualc2020\fltk\x64\debug\fl_engraved_label.sbr
e:\edev\lib_external\fltk_1.3.9\ide\visualc2020\fltk\x64\debug\fl_file_browser.sbr
e:\edev\lib_external\fltk_1.3.9\ide\visualc2020\fltk\x64\debug\fl_file_chooser.sbr
e:\edev\lib_external\fltk_1.3.9\ide\visualc2020\fltk\x64\debug\fl_file_chooser2.sbr
e:\edev\lib_external\fltk_1.3.9\ide\visualc2020\fltk\x64\debug\fl_file_dir.sbr
e:\edev\lib_external\fltk_1.3.9\ide\visualc2020\fltk\x64\debug\fl_file_icon.sbr
e:\edev\lib_external\fltk_1.3.9\ide\visualc2020\fltk\x64\debug\fl_file_input.sbr
e:\edev\lib_external\fltk_1.3.9\ide\visualc2020\fltk\x64\debug\fl_font.sbr
e:\edev\lib_external\fltk_1.3.9\ide\visualc2020\fltk\x64\debug\fl_get_key.sbr
e:\edev\lib_external\fltk_1.3.9\ide\visualc2020\fltk\x64\debug\fl_get_system_colors.sbr
e:\edev\lib_external\fltk_1.3.9\ide\visualc2020\fltk\x64\debug\fl_grab.sbr
e:\edev\lib_external\fltk_1.3.9\ide\visualc2020\fltk\x64\debug\fl_group.sbr
e:\edev\lib_external\fltk_1.3.9\ide\visualc2020\fltk\x64\debug\fl_gtk.sbr
e:\edev\lib_external\fltk_1.3.9\ide\visualc2020\fltk\x64\debug\fl_gleam.sbr
e:\edev\lib_external\fltk_1.3.9\ide\visualc2020\fltk\x64\debug\fl_help_view.sbr
e:\edev\lib_external\fltk_1.3.9\ide\visualc2020\fltk\x64\debug\fl_image.sbr
e:\edev\lib_external\fltk_1.3.9\ide\visualc2020\fltk\x64\debug\fl_image.obj
e:\edev\lib_external\fltk_1.3.9\ide\visualc2020\fltk\x64\debug\fl_help_view.obj
e:\edev\lib_external\fltk_1.3.9\ide\visualc2020\fltk\x64\debug\fl_gleam.obj
e:\edev\lib_external\fltk_1.3.9\ide\visualc2020\fltk\x64\debug\fl_gtk.obj
e:\edev\lib_external\fltk_1.3.9\ide\visualc2020\fltk\x64\debug\fl_group.obj
e:\edev\lib_external\fltk_1.3.9\ide\visualc2020\fltk\x64\debug\fl_grab.obj
e:\edev\lib_external\fltk_1.3.9\ide\visualc2020\fltk\x64\debug\fl_get_system_colors.obj
e:\edev\lib_external\fltk_1.3.9\ide\visualc2020\fltk\x64\debug\fl_get_key.obj
e:\edev\lib_external\fltk_1.3.9\ide\visualc2020\fltk\x64\debug\fl_font.obj
e:\edev\lib_external\fltk_1.3.9\ide\visualc2020\fltk\x64\debug\fl_file_input.obj
e:\edev\lib_external\fltk_1.3.9\ide\visualc2020\fltk\x64\debug\fl_file_icon.obj
e:\edev\lib_external\fltk_1.3.9\ide\visualc2020\fltk\x64\debug\fl_file_dir.obj
e:\edev\lib_external\fltk_1.3.9\ide\visualc2020\fltk\x64\debug\fl_file_chooser2.obj
e:\edev\lib_external\fltk_1.3.9\ide\visualc2020\fltk\x64\debug\fl_file_chooser.obj
e:\edev\lib_external\fltk_1.3.9\ide\visualc2020\fltk\x64\debug\fl_file_browser.obj
e:\edev\lib_external\fltk_1.3.9\ide\visualc2020\fltk\x64\debug\fl_engraved_label.obj
e:\edev\lib_external\fltk_1.3.9\ide\visualc2020\fltk\x64\debug\fl_draw_pixmap.obj
e:\edev\lib_external\fltk_1.3.9\ide\visualc2020\fltk\x64\debug\fl_draw_image.obj
e:\edev\lib_external\fltk_1.3.9\ide\visualc2020\fltk\x64\debug\fl_draw.obj
e:\edev\lib_external\fltk_1.3.9\ide\visualc2020\fltk\x64\debug\fl_double_window.obj
e:\edev\lib_external\fltk_1.3.9\ide\visualc2020\fltk\x64\debug\fl_image_surface.sbr
e:\edev\lib_external\fltk_1.3.9\ide\visualc2020\fltk\x64\debug\fl_input.sbr
e:\edev\lib_external\fltk_1.3.9\ide\visualc2020\fltk\x64\debug\fl_input_.sbr
e:\edev\lib_external\fltk_1.3.9\ide\visualc2020\fltk\x64\debug\fl_labeltype.sbr
e:\edev\lib_external\fltk_1.3.9\ide\visualc2020\fltk\x64\debug\fl_light_button.sbr
e:\edev\lib_external\fltk_1.3.9\ide\visualc2020\fltk\x64\debug\fl_line_style.sbr
e:\edev\lib_external\fltk_1.3.9\ide\visualc2020\fltk\x64\debug\fl_lock.sbr
e:\edev\lib_external\fltk_1.3.9\ide\visualc2020\fltk\x64\debug\fl_menu.sbr
e:\edev\lib_external\fltk_1.3.9\ide\visualc2020\fltk\x64\debug\fl_menu_.sbr
e:\edev\lib_external\fltk_1.3.9\ide\visualc2020\fltk\x64\debug\fl_menu_add.sbr
e:\edev\lib_external\fltk_1.3.9\ide\visualc2020\fltk\x64\debug\fl_menu_bar.sbr
e:\edev\lib_external\fltk_1.3.9\ide\visualc2020\fltk\x64\debug\fl_menu_button.sbr
e:\edev\lib_external\fltk_1.3.9\ide\visualc2020\fltk\x64\debug\fl_menu_global.sbr
e:\edev\lib_external\fltk_1.3.9\ide\visualc2020\fltk\x64\debug\fl_menu_window.sbr
e:\edev\lib_external\fltk_1.3.9\ide\visualc2020\fltk\x64\debug\fl_multi_label.sbr
e:\edev\lib_external\fltk_1.3.9\ide\visualc2020\fltk\x64\debug\fl_native_file_chooser.sbr
e:\edev\lib_external\fltk_1.3.9\ide\visualc2020\fltk\x64\debug\fl_open_uri.sbr
e:\edev\lib_external\fltk_1.3.9\ide\visualc2020\fltk\x64\debug\fl_oval_box.sbr
e:\edev\lib_external\fltk_1.3.9\ide\visualc2020\fltk\x64\debug\fl_overlay.sbr
e:\edev\lib_external\fltk_1.3.9\ide\visualc2020\fltk\x64\debug\fl_overlay_visual.sbr
e:\edev\lib_external\fltk_1.3.9\ide\visualc2020\fltk\x64\debug\fl_overlay_visual.obj
e:\edev\lib_external\fltk_1.3.9\ide\visualc2020\fltk\x64\debug\fl_overlay.obj
e:\edev\lib_external\fltk_1.3.9\ide\visualc2020\fltk\x64\debug\fl_oval_box.obj
e:\edev\lib_external\fltk_1.3.9\ide\visualc2020\fltk\x64\debug\fl_open_uri.obj
e:\edev\lib_external\fltk_1.3.9\ide\visualc2020\fltk\x64\debug\fl_native_file_chooser.obj
e:\edev\lib_external\fltk_1.3.9\ide\visualc2020\fltk\x64\debug\fl_multi_label.obj
e:\edev\lib_external\fltk_1.3.9\ide\visualc2020\fltk\x64\debug\fl_menu_window.obj
e:\edev\lib_external\fltk_1.3.9\ide\visualc2020\fltk\x64\debug\fl_menu_global.obj
e:\edev\lib_external\fltk_1.3.9\ide\visualc2020\fltk\x64\debug\fl_menu_button.obj
e:\edev\lib_external\fltk_1.3.9\ide\visualc2020\fltk\x64\debug\fl_menu_bar.obj
e:\edev\lib_external\fltk_1.3.9\ide\visualc2020\fltk\x64\debug\fl_menu_add.obj
e:\edev\lib_external\fltk_1.3.9\ide\visualc2020\fltk\x64\debug\fl_menu_.obj
e:\edev\lib_external\fltk_1.3.9\ide\visualc2020\fltk\x64\debug\fl_menu.obj
e:\edev\lib_external\fltk_1.3.9\ide\visualc2020\fltk\x64\debug\fl_lock.obj
e:\edev\lib_external\fltk_1.3.9\ide\visualc2020\fltk\x64\debug\fl_line_style.obj
e:\edev\lib_external\fltk_1.3.9\ide\visualc2020\fltk\x64\debug\fl_light_button.obj
e:\edev\lib_external\fltk_1.3.9\ide\visualc2020\fltk\x64\debug\fl_labeltype.obj
e:\edev\lib_external\fltk_1.3.9\ide\visualc2020\fltk\x64\debug\fl_input_.obj
e:\edev\lib_external\fltk_1.3.9\ide\visualc2020\fltk\x64\debug\fl_input.obj
e:\edev\lib_external\fltk_1.3.9\ide\visualc2020\fltk\x64\debug\fl_image_surface.obj
e:\edev\lib_external\fltk_1.3.9\ide\visualc2020\fltk\x64\debug\fl_overlay_window.sbr
e:\edev\lib_external\fltk_1.3.9\ide\visualc2020\fltk\x64\debug\fl_own_colormap.sbr
e:\edev\lib_external\fltk_1.3.9\ide\visualc2020\fltk\x64\debug\fl_pack.sbr
e:\edev\lib_external\fltk_1.3.9\ide\visualc2020\fltk\x64\debug\fl_paged_device.sbr
e:\edev\lib_external\fltk_1.3.9\ide\visualc2020\fltk\x64\debug\fl_pixmap.sbr
e:\edev\lib_external\fltk_1.3.9\ide\visualc2020\fltk\x64\debug\fl_plastic.sbr
e:\edev\lib_external\fltk_1.3.9\ide\visualc2020\fltk\x64\debug\fl_positioner.sbr
e:\edev\lib_external\fltk_1.3.9\ide\visualc2020\fltk\x64\debug\fl_postscript.sbr
e:\edev\lib_external\fltk_1.3.9\ide\visualc2020\fltk\x64\debug\fl_preferences.sbr
e:\edev\lib_external\fltk_1.3.9\ide\visualc2020\fltk\x64\debug\fl_printer.sbr
e:\edev\lib_external\fltk_1.3.9\ide\visualc2020\fltk\x64\debug\fl_progress.sbr
e:\edev\lib_external\fltk_1.3.9\ide\visualc2020\fltk\x64\debug\fl_read_image.sbr
e:\edev\lib_external\fltk_1.3.9\ide\visualc2020\fltk\x64\debug\fl_rect.sbr
e:\edev\lib_external\fltk_1.3.9\ide\visualc2020\fltk\x64\debug\fl_repeat_button.sbr
e:\edev\lib_external\fltk_1.3.9\ide\visualc2020\fltk\x64\debug\fl_return_button.sbr
e:\edev\lib_external\fltk_1.3.9\ide\visualc2020\fltk\x64\debug\fl_roller.sbr
e:\edev\lib_external\fltk_1.3.9\ide\visualc2020\fltk\x64\debug\fl_round_box.sbr
e:\edev\lib_external\fltk_1.3.9\ide\visualc2020\fltk\x64\debug\fl_round_button.sbr
e:\edev\lib_external\fltk_1.3.9\ide\visualc2020\fltk\x64\debug\fl_rounded_box.sbr
e:\edev\lib_external\fltk_1.3.9\ide\visualc2020\fltk\x64\debug\fl_scroll.sbr
e:\edev\lib_external\fltk_1.3.9\ide\visualc2020\fltk\x64\debug\fl_scroll.obj
e:\edev\lib_external\fltk_1.3.9\ide\visualc2020\fltk\x64\debug\fl_rounded_box.obj
e:\edev\lib_external\fltk_1.3.9\ide\visualc2020\fltk\x64\debug\fl_round_button.obj
e:\edev\lib_external\fltk_1.3.9\ide\visualc2020\fltk\x64\debug\fl_round_box.obj
e:\edev\lib_external\fltk_1.3.9\ide\visualc2020\fltk\x64\debug\fl_roller.obj
e:\edev\lib_external\fltk_1.3.9\ide\visualc2020\fltk\x64\debug\fl_return_button.obj
e:\edev\lib_external\fltk_1.3.9\ide\visualc2020\fltk\x64\debug\fl_repeat_button.obj
e:\edev\lib_external\fltk_1.3.9\ide\visualc2020\fltk\x64\debug\fl_rect.obj
e:\edev\lib_external\fltk_1.3.9\ide\visualc2020\fltk\x64\debug\fl_read_image.obj
e:\edev\lib_external\fltk_1.3.9\ide\visualc2020\fltk\x64\debug\fl_progress.obj
e:\edev\lib_external\fltk_1.3.9\ide\visualc2020\fltk\x64\debug\fl_printer.obj
e:\edev\lib_external\fltk_1.3.9\ide\visualc2020\fltk\x64\debug\fl_preferences.obj
e:\edev\lib_external\fltk_1.3.9\ide\visualc2020\fltk\x64\debug\fl_postscript.obj
e:\edev\lib_external\fltk_1.3.9\ide\visualc2020\fltk\x64\debug\fl_positioner.obj
e:\edev\lib_external\fltk_1.3.9\ide\visualc2020\fltk\x64\debug\fl_plastic.obj
e:\edev\lib_external\fltk_1.3.9\ide\visualc2020\fltk\x64\debug\fl_pixmap.obj
e:\edev\lib_external\fltk_1.3.9\ide\visualc2020\fltk\x64\debug\fl_paged_device.obj
e:\edev\lib_external\fltk_1.3.9\ide\visualc2020\fltk\x64\debug\fl_pack.obj
e:\edev\lib_external\fltk_1.3.9\ide\visualc2020\fltk\x64\debug\fl_own_colormap.obj
e:\edev\lib_external\fltk_1.3.9\ide\visualc2020\fltk\x64\debug\fl_overlay_window.obj
e:\edev\lib_external\fltk_1.3.9\ide\visualc2020\fltk\x64\debug\fl_scroll_area.sbr
e:\edev\lib_external\fltk_1.3.9\ide\visualc2020\fltk\x64\debug\fl_scrollbar.sbr
e:\edev\lib_external\fltk_1.3.9\ide\visualc2020\fltk\x64\debug\fl_set_font.sbr
e:\edev\lib_external\fltk_1.3.9\ide\visualc2020\fltk\x64\debug\fl_set_fonts.sbr
e:\edev\lib_external\fltk_1.3.9\ide\visualc2020\fltk\x64\debug\fl_shadow_box.sbr
e:\edev\lib_external\fltk_1.3.9\ide\visualc2020\fltk\x64\debug\fl_shared_image.sbr
e:\edev\lib_external\fltk_1.3.9\ide\visualc2020\fltk\x64\debug\fl_shortcut.sbr
e:\edev\lib_external\fltk_1.3.9\ide\visualc2020\fltk\x64\debug\fl_show_colormap.sbr
e:\edev\lib_external\fltk_1.3.9\ide\visualc2020\fltk\x64\debug\fl_single_window.sbr
e:\edev\lib_external\fltk_1.3.9\ide\visualc2020\fltk\x64\debug\fl_slider.sbr
e:\edev\lib_external\fltk_1.3.9\ide\visualc2020\fltk\x64\debug\fl_symbols.sbr
e:\edev\lib_external\fltk_1.3.9\ide\visualc2020\fltk\x64\debug\fl_table.sbr
e:\edev\lib_external\fltk_1.3.9\ide\visualc2020\fltk\x64\debug\fl_table_row.sbr
e:\edev\lib_external\fltk_1.3.9\ide\visualc2020\fltk\x64\debug\fl_tabs.sbr
e:\edev\lib_external\fltk_1.3.9\ide\visualc2020\fltk\x64\debug\fl_text_buffer.sbr
e:\edev\lib_external\fltk_1.3.9\ide\visualc2020\fltk\x64\debug\fl_text_display.sbr
e:\edev\lib_external\fltk_1.3.9\ide\visualc2020\fltk\x64\debug\fl_text_editor.sbr
e:\edev\lib_external\fltk_1.3.9\ide\visualc2020\fltk\x64\debug\fl_tile.sbr
e:\edev\lib_external\fltk_1.3.9\ide\visualc2020\fltk\x64\debug\fl_tiled_image.sbr
e:\edev\lib_external\fltk_1.3.9\ide\visualc2020\fltk\x64\debug\fl_tooltip.sbr
e:\edev\lib_external\fltk_1.3.9\ide\visualc2020\fltk\x64\debug\fl_tooltip.obj
e:\edev\lib_external\fltk_1.3.9\ide\visualc2020\fltk\x64\debug\fl_tiled_image.obj
e:\edev\lib_external\fltk_1.3.9\ide\visualc2020\fltk\x64\debug\fl_tile.obj
e:\edev\lib_external\fltk_1.3.9\ide\visualc2020\fltk\x64\debug\fl_text_editor.obj
e:\edev\lib_external\fltk_1.3.9\ide\visualc2020\fltk\x64\debug\fl_text_display.obj
e:\edev\lib_external\fltk_1.3.9\ide\visualc2020\fltk\x64\debug\fl_text_buffer.obj
e:\edev\lib_external\fltk_1.3.9\ide\visualc2020\fltk\x64\debug\fl_tabs.obj
e:\edev\lib_external\fltk_1.3.9\ide\visualc2020\fltk\x64\debug\fl_table_row.obj
e:\edev\lib_external\fltk_1.3.9\ide\visualc2020\fltk\x64\debug\fl_table.obj
e:\edev\lib_external\fltk_1.3.9\ide\visualc2020\fltk\x64\debug\fl_symbols.obj
e:\edev\lib_external\fltk_1.3.9\ide\visualc2020\fltk\x64\debug\fl_slider.obj
e:\edev\lib_external\fltk_1.3.9\ide\visualc2020\fltk\x64\debug\fl_single_window.obj
e:\edev\lib_external\fltk_1.3.9\ide\visualc2020\fltk\x64\debug\fl_show_colormap.obj
e:\edev\lib_external\fltk_1.3.9\ide\visualc2020\fltk\x64\debug\fl_shortcut.obj
e:\edev\lib_external\fltk_1.3.9\ide\visualc2020\fltk\x64\debug\fl_shared_image.obj
e:\edev\lib_external\fltk_1.3.9\ide\visualc2020\fltk\x64\debug\fl_shadow_box.obj
e:\edev\lib_external\fltk_1.3.9\ide\visualc2020\fltk\x64\debug\fl_set_fonts.obj
e:\edev\lib_external\fltk_1.3.9\ide\visualc2020\fltk\x64\debug\fl_set_font.obj
e:\edev\lib_external\fltk_1.3.9\ide\visualc2020\fltk\x64\debug\fl_scrollbar.obj
e:\edev\lib_external\fltk_1.3.9\ide\visualc2020\fltk\x64\debug\fl_scroll_area.obj
e:\edev\lib_external\fltk_1.3.9\ide\visualc2020\fltk\x64\debug\fl_tree.sbr
e:\edev\lib_external\fltk_1.3.9\ide\visualc2020\fltk\x64\debug\fl_tree_item.sbr
e:\edev\lib_external\fltk_1.3.9\ide\visualc2020\fltk\x64\debug\fl_tree_item_array.sbr
e:\edev\lib_external\fltk_1.3.9\ide\visualc2020\fltk\x64\debug\fl_tree_prefs.sbr
e:\edev\lib_external\fltk_1.3.9\ide\visualc2020\fltk\x64\debug\fl_utf8.sbr
e:\edev\lib_external\fltk_1.3.9\ide\visualc2020\fltk\x64\debug\fl_valuator.sbr
e:\edev\lib_external\fltk_1.3.9\ide\visualc2020\fltk\x64\debug\fl_value_input.sbr
e:\edev\lib_external\fltk_1.3.9\ide\visualc2020\fltk\x64\debug\fl_value_output.sbr
e:\edev\lib_external\fltk_1.3.9\ide\visualc2020\fltk\x64\debug\fl_value_slider.sbr
e:\edev\lib_external\fltk_1.3.9\ide\visualc2020\fltk\x64\debug\fl_vertex.sbr
e:\edev\lib_external\fltk_1.3.9\ide\visualc2020\fltk\x64\debug\fl_visual.sbr
e:\edev\lib_external\fltk_1.3.9\ide\visualc2020\fltk\x64\debug\fl_widget.sbr
e:\edev\lib_external\fltk_1.3.9\ide\visualc2020\fltk\x64\debug\fl_window.sbr
e:\edev\lib_external\fltk_1.3.9\ide\visualc2020\fltk\x64\debug\fl_window_fullscreen.sbr
e:\edev\lib_external\fltk_1.3.9\ide\visualc2020\fltk\x64\debug\fl_window_hotspot.sbr
e:\edev\lib_external\fltk_1.3.9\ide\visualc2020\fltk\x64\debug\fl_window_iconize.sbr
e:\edev\lib_external\fltk_1.3.9\ide\visualc2020\fltk\x64\debug\fl_window_shape.sbr
e:\edev\lib_external\fltk_1.3.9\ide\visualc2020\fltk\x64\debug\fl_wizard.sbr
e:\edev\lib_external\fltk_1.3.9\ide\visualc2020\fltk\x64\debug\fl_x.sbr
e:\edev\lib_external\fltk_1.3.9\ide\visualc2020\fltk\x64\debug\fl_xbm_image.sbr
e:\edev\lib_external\fltk_1.3.9\ide\visualc2020\fltk\x64\debug\fl_xbm_image.obj
e:\edev\lib_external\fltk_1.3.9\ide\visualc2020\fltk\x64\debug\fl_x.obj
e:\edev\lib_external\fltk_1.3.9\ide\visualc2020\fltk\x64\debug\fl_wizard.obj
e:\edev\lib_external\fltk_1.3.9\ide\visualc2020\fltk\x64\debug\fl_window_shape.obj
e:\edev\lib_external\fltk_1.3.9\ide\visualc2020\fltk\x64\debug\fl_window_iconize.obj
e:\edev\lib_external\fltk_1.3.9\ide\visualc2020\fltk\x64\debug\fl_window_hotspot.obj
e:\edev\lib_external\fltk_1.3.9\ide\visualc2020\fltk\x64\debug\fl_window_fullscreen.obj
e:\edev\lib_external\fltk_1.3.9\ide\visualc2020\fltk\x64\debug\fl_window.obj
e:\edev\lib_external\fltk_1.3.9\ide\visualc2020\fltk\x64\debug\fl_widget.obj
e:\edev\lib_external\fltk_1.3.9\ide\visualc2020\fltk\x64\debug\fl_visual.obj
e:\edev\lib_external\fltk_1.3.9\ide\visualc2020\fltk\x64\debug\fl_vertex.obj
e:\edev\lib_external\fltk_1.3.9\ide\visualc2020\fltk\x64\debug\fl_value_slider.obj
e:\edev\lib_external\fltk_1.3.9\ide\visualc2020\fltk\x64\debug\fl_value_output.obj
e:\edev\lib_external\fltk_1.3.9\ide\visualc2020\fltk\x64\debug\fl_value_input.obj
e:\edev\lib_external\fltk_1.3.9\ide\visualc2020\fltk\x64\debug\fl_valuator.obj
e:\edev\lib_external\fltk_1.3.9\ide\visualc2020\fltk\x64\debug\fl_utf8.obj
e:\edev\lib_external\fltk_1.3.9\ide\visualc2020\fltk\x64\debug\fl_tree_prefs.obj
e:\edev\lib_external\fltk_1.3.9\ide\visualc2020\fltk\x64\debug\fl_tree_item_array.obj
e:\edev\lib_external\fltk_1.3.9\ide\visualc2020\fltk\x64\debug\fl_tree_item.obj
e:\edev\lib_external\fltk_1.3.9\ide\visualc2020\fltk\x64\debug\fl_tree.obj
e:\edev\lib_external\fltk_1.3.9\ide\visualc2020\fltk\x64\debug\fl_xpm_image.sbr
e:\edev\lib_external\fltk_1.3.9\ide\visualc2020\fltk\x64\debug\ps_image.sbr
e:\edev\lib_external\fltk_1.3.9\ide\visualc2020\fltk\x64\debug\screen_xywh.sbr
e:\edev\lib_external\fltk_1.3.9\ide\visualc2020\fltk\x64\debug\screen_xywh.obj
e:\edev\lib_external\fltk_1.3.9\ide\visualc2020\fltk\x64\debug\ps_image.obj
e:\edev\lib_external\fltk_1.3.9\ide\visualc2020\fltk\x64\debug\fl_xpm_image.obj
e:\edev\lib_external\fltk_1.3.9\lib\fltkd.lib
e:\edev\lib_external\fltk_1.3.9\ide\visualc2020\fltk\x64\debug\fltk.tlog\bscmake.command.1.tlog
e:\edev\lib_external\fltk_1.3.9\ide\visualc2020\fltk\x64\debug\fltk.tlog\bscmake.read.1.tlog
e:\edev\lib_external\fltk_1.3.9\ide\visualc2020\fltk\x64\debug\fltk.tlog\bscmake.write.1.tlog
e:\edev\lib_external\fltk_1.3.9\ide\visualc2020\fltk\x64\debug\fltk.tlog\cl.command.1.tlog
e:\edev\lib_external\fltk_1.3.9\ide\visualc2020\fltk\x64\debug\fltk.tlog\cl.items.tlog
e:\edev\lib_external\fltk_1.3.9\ide\visualc2020\fltk\x64\debug\fltk.tlog\cl.read.1.tlog
e:\edev\lib_external\fltk_1.3.9\ide\visualc2020\fltk\x64\debug\fltk.tlog\cl.write.1.tlog
e:\edev\lib_external\fltk_1.3.9\ide\visualc2020\fltk\x64\debug\fltk.tlog\lib-link.read.1.tlog
e:\edev\lib_external\fltk_1.3.9\ide\visualc2020\fltk\x64\debug\fltk.tlog\lib-link.write.1.tlog
e:\edev\lib_external\fltk_1.3.9\ide\visualc2020\fltk\x64\debug\fltk.tlog\lib.command.1.tlog
