e:\edev\libs_external\fltk_1.3.9\ide\visualc2010\x64\debug\fltkzlibd.pdb
e:\edev\libs_external\fltk_1.3.9\ide\visualc2010\fltkzlib\x64\debug\zutil.obj
e:\edev\libs_external\fltk_1.3.9\ide\visualc2010\fltkzlib\x64\debug\uncompr.obj
e:\edev\libs_external\fltk_1.3.9\ide\visualc2010\fltkzlib\x64\debug\trees.obj
e:\edev\libs_external\fltk_1.3.9\ide\visualc2010\fltkzlib\x64\debug\inftrees.obj
e:\edev\libs_external\fltk_1.3.9\ide\visualc2010\fltkzlib\x64\debug\inflate.obj
e:\edev\libs_external\fltk_1.3.9\ide\visualc2010\fltkzlib\x64\debug\inffast.obj
e:\edev\libs_external\fltk_1.3.9\ide\visualc2010\fltkzlib\x64\debug\infback.obj
e:\edev\libs_external\fltk_1.3.9\ide\visualc2010\fltkzlib\x64\debug\gzwrite.obj
e:\edev\libs_external\fltk_1.3.9\ide\visualc2010\fltkzlib\x64\debug\gzread.obj
e:\edev\libs_external\fltk_1.3.9\ide\visualc2010\fltkzlib\x64\debug\gzlib.obj
e:\edev\libs_external\fltk_1.3.9\ide\visualc2010\fltkzlib\x64\debug\gzclose.obj
e:\edev\libs_external\fltk_1.3.9\ide\visualc2010\fltkzlib\x64\debug\deflate.obj
e:\edev\libs_external\fltk_1.3.9\ide\visualc2010\fltkzlib\x64\debug\crc32.obj
e:\edev\libs_external\fltk_1.3.9\ide\visualc2010\fltkzlib\x64\debug\compress.obj
e:\edev\libs_external\fltk_1.3.9\ide\visualc2010\fltkzlib\x64\debug\adler32.obj
e:\edev\libs_external\fltk_1.3.9\lib\fltkzlibd.lib
e:\edev\libs_external\fltk_1.3.9\ide\visualc2020\fltkzlib\x64\debug\adler32.obj
e:\edev\libs_external\fltk_1.3.9\ide\visualc2020\fltkzlib\x64\debug\compress.obj
e:\edev\libs_external\fltk_1.3.9\ide\visualc2020\fltkzlib\x64\debug\crc32.obj
e:\edev\libs_external\fltk_1.3.9\ide\visualc2020\fltkzlib\x64\debug\deflate.obj
e:\edev\libs_external\fltk_1.3.9\ide\visualc2020\fltkzlib\x64\debug\gzclose.obj
e:\edev\libs_external\fltk_1.3.9\ide\visualc2020\fltkzlib\x64\debug\gzlib.obj
e:\edev\libs_external\fltk_1.3.9\ide\visualc2020\fltkzlib\x64\debug\gzread.obj
e:\edev\libs_external\fltk_1.3.9\ide\visualc2020\fltkzlib\x64\debug\gzwrite.obj
e:\edev\libs_external\fltk_1.3.9\ide\visualc2020\fltkzlib\x64\debug\infback.obj
e:\edev\libs_external\fltk_1.3.9\ide\visualc2020\fltkzlib\x64\debug\inffast.obj
e:\edev\libs_external\fltk_1.3.9\ide\visualc2020\fltkzlib\x64\debug\inflate.obj
e:\edev\libs_external\fltk_1.3.9\ide\visualc2020\fltkzlib\x64\debug\inftrees.obj
e:\edev\libs_external\fltk_1.3.9\ide\visualc2020\fltkzlib\x64\debug\trees.obj
e:\edev\libs_external\fltk_1.3.9\ide\visualc2020\fltkzlib\x64\debug\uncompr.obj
e:\edev\libs_external\fltk_1.3.9\ide\visualc2020\fltkzlib\x64\debug\zutil.obj
e:\edev\libs_external\fltk_1.3.9\ide\visualc2020\x64\debug\fltkzlibd.pdb
e:\edev\libs_external\fltk_1.3.9\ide\visualc2020\fltkzlib\x64\debug\fltkzlib.tlog\cl.command.1.tlog
e:\edev\libs_external\fltk_1.3.9\ide\visualc2020\fltkzlib\x64\debug\fltkzlib.tlog\cl.items.tlog
e:\edev\libs_external\fltk_1.3.9\ide\visualc2020\fltkzlib\x64\debug\fltkzlib.tlog\cl.read.1.tlog
e:\edev\libs_external\fltk_1.3.9\ide\visualc2020\fltkzlib\x64\debug\fltkzlib.tlog\cl.write.1.tlog
e:\edev\libs_external\fltk_1.3.9\ide\visualc2020\fltkzlib\x64\debug\fltkzlib.tlog\lib-link.read.1.tlog
e:\edev\libs_external\fltk_1.3.9\ide\visualc2020\fltkzlib\x64\debug\fltkzlib.tlog\lib-link.write.1.tlog
e:\edev\libs_external\fltk_1.3.9\ide\visualc2020\fltkzlib\x64\debug\fltkzlib.tlog\lib.command.1.tlog
