e:\edev\libs_external\fltk_1.3.9\ide\visualc2010\x64\debug\fltkpngd.pdb
e:\edev\libs_external\fltk_1.3.9\ide\visualc2010\fltkpng\x64\debug\pngwutil.obj
e:\edev\libs_external\fltk_1.3.9\ide\visualc2010\fltkpng\x64\debug\pngwtran.obj
e:\edev\libs_external\fltk_1.3.9\ide\visualc2010\fltkpng\x64\debug\pngwrite.obj
e:\edev\libs_external\fltk_1.3.9\ide\visualc2010\fltkpng\x64\debug\pngwio.obj
e:\edev\libs_external\fltk_1.3.9\ide\visualc2010\fltkpng\x64\debug\pngtrans.obj
e:\edev\libs_external\fltk_1.3.9\ide\visualc2010\fltkpng\x64\debug\pngset.obj
e:\edev\libs_external\fltk_1.3.9\ide\visualc2010\fltkpng\x64\debug\pngrutil.obj
e:\edev\libs_external\fltk_1.3.9\ide\visualc2010\fltkpng\x64\debug\pngrtran.obj
e:\edev\libs_external\fltk_1.3.9\ide\visualc2010\fltkpng\x64\debug\pngrio.obj
e:\edev\libs_external\fltk_1.3.9\ide\visualc2010\fltkpng\x64\debug\pngread.obj
e:\edev\libs_external\fltk_1.3.9\ide\visualc2010\fltkpng\x64\debug\pngpread.obj
e:\edev\libs_external\fltk_1.3.9\ide\visualc2010\fltkpng\x64\debug\pngmem.obj
e:\edev\libs_external\fltk_1.3.9\ide\visualc2010\fltkpng\x64\debug\pngget.obj
e:\edev\libs_external\fltk_1.3.9\ide\visualc2010\fltkpng\x64\debug\pngerror.obj
e:\edev\libs_external\fltk_1.3.9\ide\visualc2010\fltkpng\x64\debug\png.obj
e:\edev\libs_external\fltk_1.3.9\lib\fltkpngd.lib
e:\edev\libs_external\fltk_1.3.9\ide\visualc2020\fltkpng\x64\debug\png.obj
e:\edev\libs_external\fltk_1.3.9\ide\visualc2020\fltkpng\x64\debug\pngerror.obj
e:\edev\libs_external\fltk_1.3.9\ide\visualc2020\fltkpng\x64\debug\pngget.obj
e:\edev\libs_external\fltk_1.3.9\ide\visualc2020\fltkpng\x64\debug\pngmem.obj
e:\edev\libs_external\fltk_1.3.9\ide\visualc2020\fltkpng\x64\debug\pngpread.obj
e:\edev\libs_external\fltk_1.3.9\ide\visualc2020\fltkpng\x64\debug\pngread.obj
e:\edev\libs_external\fltk_1.3.9\ide\visualc2020\fltkpng\x64\debug\pngrio.obj
e:\edev\libs_external\fltk_1.3.9\ide\visualc2020\fltkpng\x64\debug\pngrtran.obj
e:\edev\libs_external\fltk_1.3.9\ide\visualc2020\fltkpng\x64\debug\pngrutil.obj
e:\edev\libs_external\fltk_1.3.9\ide\visualc2020\fltkpng\x64\debug\pngset.obj
e:\edev\libs_external\fltk_1.3.9\ide\visualc2020\fltkpng\x64\debug\pngtrans.obj
e:\edev\libs_external\fltk_1.3.9\ide\visualc2020\fltkpng\x64\debug\pngwio.obj
e:\edev\libs_external\fltk_1.3.9\ide\visualc2020\fltkpng\x64\debug\pngwrite.obj
e:\edev\libs_external\fltk_1.3.9\ide\visualc2020\fltkpng\x64\debug\pngwtran.obj
e:\edev\libs_external\fltk_1.3.9\ide\visualc2020\fltkpng\x64\debug\pngwutil.obj
e:\edev\libs_external\fltk_1.3.9\ide\visualc2020\x64\debug\fltkpngd.pdb
e:\edev\libs_external\fltk_1.3.9\ide\visualc2020\fltkpng\x64\debug\fltkpng.tlog\cl.command.1.tlog
e:\edev\libs_external\fltk_1.3.9\ide\visualc2020\fltkpng\x64\debug\fltkpng.tlog\cl.items.tlog
e:\edev\libs_external\fltk_1.3.9\ide\visualc2020\fltkpng\x64\debug\fltkpng.tlog\cl.read.1.tlog
e:\edev\libs_external\fltk_1.3.9\ide\visualc2020\fltkpng\x64\debug\fltkpng.tlog\cl.write.1.tlog
e:\edev\libs_external\fltk_1.3.9\ide\visualc2020\fltkpng\x64\debug\fltkpng.tlog\lib-link.read.1.tlog
e:\edev\libs_external\fltk_1.3.9\ide\visualc2020\fltkpng\x64\debug\fltkpng.tlog\lib-link.write.1.tlog
e:\edev\libs_external\fltk_1.3.9\ide\visualc2020\fltkpng\x64\debug\fltkpng.tlog\lib.command.1.tlog
