e:\edev\libs_external\fltk_1.3.9\ide\visualc2010\keyboard\x64\debug\vc143.pdb
e:\edev\libs_external\fltk_1.3.9\ide\visualc2010\keyboard\x64\debug\keyboard_ui.obj
e:\edev\libs_external\fltk_1.3.9\ide\visualc2010\keyboard\x64\debug\keyboard.obj
e:\edev\libs_external\fltk_1.3.9\test\keyboard_ui.cxx
e:\edev\libs_external\fltk_1.3.9\test\keyboardd.exe
e:\edev\libs_external\fltk_1.3.9\ide\visualc2010\keyboard\x64\debug\keyboardd.pdb
e:\edev\libs_external\fltk_1.3.9\ide\visualc2020\keyboard\x64\debug\keyboard.obj
e:\edev\libs_external\fltk_1.3.9\ide\visualc2020\keyboard\x64\debug\keyboard_ui.obj
e:\edev\libs_external\fltk_1.3.9\ide\visualc2020\keyboard\x64\debug\keyboardd.pdb
e:\edev\libs_external\fltk_1.3.9\ide\visualc2020\keyboard\x64\debug\vc143.pdb
e:\edev\libs_external\fltk_1.3.9\ide\visualc2020\keyboard\x64\debug\keyboard.tlog\cl.command.1.tlog
e:\edev\libs_external\fltk_1.3.9\ide\visualc2020\keyboard\x64\debug\keyboard.tlog\cl.items.tlog
e:\edev\libs_external\fltk_1.3.9\ide\visualc2020\keyboard\x64\debug\keyboard.tlog\cl.read.1.tlog
e:\edev\libs_external\fltk_1.3.9\ide\visualc2020\keyboard\x64\debug\keyboard.tlog\cl.write.1.tlog
e:\edev\libs_external\fltk_1.3.9\ide\visualc2020\keyboard\x64\debug\keyboard.tlog\custombuild.command.1.tlog
e:\edev\libs_external\fltk_1.3.9\ide\visualc2020\keyboard\x64\debug\keyboard.tlog\custombuild.read.1.tlog
e:\edev\libs_external\fltk_1.3.9\ide\visualc2020\keyboard\x64\debug\keyboard.tlog\custombuild.write.1.tlog
e:\edev\libs_external\fltk_1.3.9\ide\visualc2020\keyboard\x64\debug\keyboard.tlog\link.command.1.tlog
e:\edev\libs_external\fltk_1.3.9\ide\visualc2020\keyboard\x64\debug\keyboard.tlog\link.read.1.tlog
e:\edev\libs_external\fltk_1.3.9\ide\visualc2020\keyboard\x64\debug\keyboard.tlog\link.secondary.1.tlog
e:\edev\libs_external\fltk_1.3.9\ide\visualc2020\keyboard\x64\debug\keyboard.tlog\link.write.1.tlog
